#-----------------------------------------------------------
# Vivado v2015.2 (64-bit)
# SW Build 1266856 on Fri Jun 26 16:35:25 MDT 2015
# IP Build 1264090 on Wed Jun 24 14:22:01 MDT 2015
# Start of session at: Wed Dec 13 08:07:55 2017
# Process ID: 952
# Log file: C:/Users/rfumeron/Documents/GitHub/space_invaders_VHDL/vivado.log
# Journal file: C:/Users/rfumeron/Documents/GitHub/space_invaders_VHDL\vivado.jou
#-----------------------------------------------------------
start_gui
open_project C:/Users/rfumeron/Documents/GitHub/space_invaders_VHDL/space_invader_VHDL.xpr
INFO: [Project 1-313] Project file moved from 'D:/GitHub/space_invaders_VHDL' since last save.
Scanning sources...
Finished scanning sources
CRITICAL WARNING: [Project 1-192] Failed to load run synth_1. Strategy Vivado Synthesis Defaults (Vivado Synthesis 2017) not recognized by Vivado. 

CRITICAL WARNING: [Project 1-192] Failed to load run impl_1. Strategy Vivado Implementation Defaults (Vivado Implementation 2017) not recognized by Vivado. 

CRITICAL WARNING: [Project 1-532] XML ERROR: Project Option CompiledLibDirXSim has no valid value
CRITICAL WARNING: [Project 1-505] Unrecognized Option Name CompiledLibDirModelSim
CRITICAL WARNING: [Project 1-505] Unrecognized Option Name CompiledLibDirQuesta
CRITICAL WARNING: [Project 1-505] Unrecognized Option Name CompiledLibDirIES
CRITICAL WARNING: [Project 1-505] Unrecognized Option Name CompiledLibDirXcelium
CRITICAL WARNING: [Project 1-505] Unrecognized Option Name CompiledLibDirVCS
CRITICAL WARNING: [Project 1-505] Unrecognized Option Name CompiledLibDirRiviera
CRITICAL WARNING: [Project 1-505] Unrecognized Option Name CompiledLibDirActivehdl
WARNING: [filemgmt 56-2] IP Output Repository Path: Could not find the directory 'C:/Users/rfumeron/Documents/GitHub/space_invaders_VHDL/space_invader_VHDL.cache/ip', nor could it be found using path 'D:/GitHub/space_invaders_VHDL/space_invader_VHDL.cache/ip'.
CRITICAL WARNING: [Project 1-505] Unrecognized Option Name CreateRefXciForCoreContainers
CRITICAL WARNING: [Project 1-505] Unrecognized Option Name IPUserFilesDir
CRITICAL WARNING: [Project 1-505] Unrecognized Option Name IPStaticSourceDir
CRITICAL WARNING: [Project 1-505] Unrecognized Option Name EnableBDX
CRITICAL WARNING: [Project 1-505] Unrecognized Option Name DSAVendor
CRITICAL WARNING: [Project 1-505] Unrecognized Option Name DSANumComputeUnits
CRITICAL WARNING: [Project 1-505] Unrecognized Option Name WTXSimLaunchSim
CRITICAL WARNING: [Project 1-505] Unrecognized Option Name WTModelSimLaunchSim
CRITICAL WARNING: [Project 1-505] Unrecognized Option Name WTQuestaLaunchSim
CRITICAL WARNING: [Project 1-505] Unrecognized Option Name WTIesLaunchSim
CRITICAL WARNING: [Project 1-505] Unrecognized Option Name WTVcsLaunchSim
CRITICAL WARNING: [Project 1-505] Unrecognized Option Name WTRivieraLaunchSim
CRITICAL WARNING: [Project 1-505] Unrecognized Option Name WTActivehdlLaunchSim
CRITICAL WARNING: [Project 1-505] Unrecognized Option Name WTXSimExportSim
CRITICAL WARNING: [Project 1-505] Unrecognized Option Name WTModelSimExportSim
CRITICAL WARNING: [Project 1-505] Unrecognized Option Name WTQuestaExportSim
CRITICAL WARNING: [Project 1-505] Unrecognized Option Name WTIesExportSim
CRITICAL WARNING: [Project 1-505] Unrecognized Option Name WTVcsExportSim
CRITICAL WARNING: [Project 1-505] Unrecognized Option Name WTRivieraExportSim
CRITICAL WARNING: [Project 1-505] Unrecognized Option Name WTActivehdlExportSim
CRITICAL WARNING: [Project 1-505] Unrecognized Option Name GenerateIPUpgradeLog
CRITICAL WARNING: [Project 1-505] Unrecognized Option Name XSimRadix
CRITICAL WARNING: [Project 1-505] Unrecognized Option Name XSimTimeUnit
CRITICAL WARNING: [Project 1-505] Unrecognized Option Name XSimArrayDisplayLimit
CRITICAL WARNING: [Project 1-505] Unrecognized Option Name XSimTraceLimit
CRITICAL WARNING: [Project 1-505] Unrecognized Option Name SimTypes
WARNING: [Project 1-231] Project 'space_invader_VHDL.xpr' was created with a future version and may or may not perform reliably with this version of Vivado. It has been opened in read-only mode for the protection of unrecognized data. Use 'File | Save Project As...' if you wish to alter a copy of the project.
INFO: [IP_Flow 19-234] Refreshing IP repositories
INFO: [IP_Flow 19-1700] Loaded user IP repository 'c:/Users/rfumeron/Documents/GitHub/space_invaders_VHDL/space_invader_VHDL.cache/ip'.
INFO: [IP_Flow 19-2313] Loaded Vivado IP repository 'C:/Xilinx/Vivado/2015.2/data/ip'.
open_project: Time (s): cpu = 00:00:05 ; elapsed = 00:00:13 . Memory (MB): peak = 700.184 ; gain = 127.922
save_project_as VHDLQUOI C:/Users/rfumeron/Desktop/VHDLQUOI -force
import_files
file mkdir C:/Users/rfumeron/Desktop/VHDLQUOI/VHDLQUOI.srcs/sources_1/new
close [ open C:/Users/rfumeron/Desktop/VHDLQUOI/VHDLQUOI.srcs/sources_1/new/detect_pos.vhd w ]
add_files C:/Users/rfumeron/Desktop/VHDLQUOI/VHDLQUOI.srcs/sources_1/new/detect_pos.vhd
update_compile_order -fileset sources_1
close [ open C:/Users/rfumeron/Desktop/VHDLQUOI/VHDLQUOI.srcs/sources_1/new/module_affichage.vhd w ]
add_files C:/Users/rfumeron/Desktop/VHDLQUOI/VHDLQUOI.srcs/sources_1/new/module_affichage.vhd
update_compile_order -fileset sources_1
close [ open C:/Users/rfumeron/Desktop/VHDLQUOI/VHDLQUOI.srcs/sources_1/new/module_affichage.vhd w ]
add_files C:/Users/rfumeron/Desktop/VHDLQUOI/VHDLQUOI.srcs/sources_1/new/module_affichage.vhd
WARNING: [filemgmt 56-12] File 'C:/Users/rfumeron/Desktop/VHDLQUOI/VHDLQUOI.srcs/sources_1/new/module_affichage.vhd' cannot be added to the project because it already exists in the project, skipping this file
add_files -norecurse C:/Users/rfumeron/Desktop/VHDLQUOI/VHDLQUOI.srcs/sources_1/new/vga_bitmap_320x200.vhd
update_compile_order -fileset sources_1
set_property top module_affichage [current_fileset]
update_compile_order -fileset sources_1
launch_runs synth_1
INFO: [HDL 9-1061] Parsing VHDL file "C:/Users/rfumeron/Desktop/VHDLQUOI/VHDLQUOI.srcs/sources_1/imports/new/acqui_mvt.vhd" into library xil_defaultlib [C:/Users/rfumeron/Desktop/VHDLQUOI/VHDLQUOI.srcs/sources_1/imports/new/acqui_mvt.vhd:1]
INFO: [HDL 9-1061] Parsing VHDL file "C:/Users/rfumeron/Desktop/VHDLQUOI/VHDLQUOI.srcs/sources_1/imports/new/alpha_canal.vhd" into library xil_defaultlib [C:/Users/rfumeron/Desktop/VHDLQUOI/VHDLQUOI.srcs/sources_1/imports/new/alpha_canal.vhd:1]
INFO: [HDL 9-1061] Parsing VHDL file "C:/Users/rfumeron/Desktop/VHDLQUOI/VHDLQUOI.srcs/sources_1/imports/new/charg_memoire.vhd" into library xil_defaultlib [C:/Users/rfumeron/Desktop/VHDLQUOI/VHDLQUOI.srcs/sources_1/imports/new/charg_memoire.vhd:1]
INFO: [HDL 9-1061] Parsing VHDL file "C:/Users/rfumeron/Desktop/VHDLQUOI/VHDLQUOI.srcs/sources_1/imports/new/clk_ennemis.vhd" into library xil_defaultlib [C:/Users/rfumeron/Desktop/VHDLQUOI/VHDLQUOI.srcs/sources_1/imports/new/clk_ennemis.vhd:1]
INFO: [HDL 9-1061] Parsing VHDL file "C:/Users/rfumeron/Desktop/VHDLQUOI/VHDLQUOI.srcs/sources_1/imports/new/clock_tir.vhd" into library xil_defaultlib [C:/Users/rfumeron/Desktop/VHDLQUOI/VHDLQUOI.srcs/sources_1/imports/new/clock_tir.vhd:1]
INFO: [HDL 9-1061] Parsing VHDL file "C:/Users/rfumeron/Desktop/VHDLQUOI/VHDLQUOI.srcs/sources_1/imports/new/cmp_addr.vhd" into library xil_defaultlib [C:/Users/rfumeron/Desktop/VHDLQUOI/VHDLQUOI.srcs/sources_1/imports/new/cmp_addr.vhd:1]
INFO: [HDL 9-1061] Parsing VHDL file "C:/Users/rfumeron/Desktop/VHDLQUOI/VHDLQUOI.srcs/sources_1/imports/new/cmp_x_y.vhd" into library xil_defaultlib [C:/Users/rfumeron/Desktop/VHDLQUOI/VHDLQUOI.srcs/sources_1/imports/new/cmp_x_y.vhd:1]
INFO: [HDL 9-1061] Parsing VHDL file "C:/Users/rfumeron/Desktop/VHDLQUOI/VHDLQUOI.srcs/sources_1/new/detect_pos.vhd" into library xil_defaultlib [C:/Users/rfumeron/Desktop/VHDLQUOI/VHDLQUOI.srcs/sources_1/new/detect_pos.vhd:1]
INFO: [HDL 9-1061] Parsing VHDL file "C:/Users/rfumeron/Desktop/VHDLQUOI/VHDLQUOI.srcs/sources_1/imports/new/gest_command.vhd" into library xil_defaultlib [C:/Users/rfumeron/Desktop/VHDLQUOI/VHDLQUOI.srcs/sources_1/imports/new/gest_command.vhd:1]
INFO: [HDL 9-1061] Parsing VHDL file "C:/Users/rfumeron/Desktop/VHDLQUOI/VHDLQUOI.srcs/sources_1/imports/new/gest_ennemis.vhd" into library xil_defaultlib [C:/Users/rfumeron/Desktop/VHDLQUOI/VHDLQUOI.srcs/sources_1/imports/new/gest_ennemis.vhd:1]
INFO: [HDL 9-1061] Parsing VHDL file "C:/Users/rfumeron/Desktop/VHDLQUOI/VHDLQUOI.srcs/sources_1/imports/new/gestion_tir.vhd" into library xil_defaultlib [C:/Users/rfumeron/Desktop/VHDLQUOI/VHDLQUOI.srcs/sources_1/imports/new/gestion_tir.vhd:1]
INFO: [HDL 9-1061] Parsing VHDL file "C:/Users/rfumeron/Desktop/VHDLQUOI/VHDLQUOI.srcs/sources_1/imports/new/impul_y.vhd" into library xil_defaultlib [C:/Users/rfumeron/Desktop/VHDLQUOI/VHDLQUOI.srcs/sources_1/imports/new/impul_y.vhd:1]
INFO: [HDL 9-1061] Parsing VHDL file "C:/Users/rfumeron/Desktop/VHDLQUOI/VHDLQUOI.srcs/sources_1/imports/new/mem_image.vhd" into library xil_defaultlib [C:/Users/rfumeron/Desktop/VHDLQUOI/VHDLQUOI.srcs/sources_1/imports/new/mem_image.vhd:1]
INFO: [HDL 9-1061] Parsing VHDL file "C:/Users/rfumeron/Desktop/VHDLQUOI/VHDLQUOI.srcs/sources_1/imports/new/memory_acess_image.vhd" into library xil_defaultlib [C:/Users/rfumeron/Desktop/VHDLQUOI/VHDLQUOI.srcs/sources_1/imports/new/memory_acess_image.vhd:1]
INFO: [HDL 9-1061] Parsing VHDL file "C:/Users/rfumeron/Desktop/VHDLQUOI/VHDLQUOI.srcs/sources_1/imports/new/memory_acess_matrix.vhd" into library xil_defaultlib [C:/Users/rfumeron/Desktop/VHDLQUOI/VHDLQUOI.srcs/sources_1/imports/new/memory_acess_matrix.vhd:1]
INFO: [HDL 9-1061] Parsing VHDL file "C:/Users/rfumeron/Desktop/VHDLQUOI/VHDLQUOI.srcs/sources_1/new/module_affichage.vhd" into library xil_defaultlib [C:/Users/rfumeron/Desktop/VHDLQUOI/VHDLQUOI.srcs/sources_1/new/module_affichage.vhd:1]
INFO: [HDL 9-1061] Parsing VHDL file "C:/Users/rfumeron/Desktop/VHDLQUOI/VHDLQUOI.srcs/sources_1/imports/new/mux_pixel.vhd" into library xil_defaultlib [C:/Users/rfumeron/Desktop/VHDLQUOI/VHDLQUOI.srcs/sources_1/imports/new/mux_pixel.vhd:1]
INFO: [HDL 9-1061] Parsing VHDL file "C:/Users/rfumeron/Desktop/VHDLQUOI/VHDLQUOI.srcs/sources_1/imports/new/test_charg_image.vhd" into library xil_defaultlib [C:/Users/rfumeron/Desktop/VHDLQUOI/VHDLQUOI.srcs/sources_1/imports/new/test_charg_image.vhd:1]
INFO: [HDL 9-1061] Parsing VHDL file "C:/Users/rfumeron/Desktop/VHDLQUOI/VHDLQUOI.srcs/sources_1/imports/new/top_module.vhd" into library xil_defaultlib [C:/Users/rfumeron/Desktop/VHDLQUOI/VHDLQUOI.srcs/sources_1/imports/new/top_module.vhd:1]
INFO: [HDL 9-1061] Parsing VHDL file "C:/Users/rfumeron/Desktop/VHDLQUOI/VHDLQUOI.srcs/sources_1/imports/new/vga_160_100.vhd" into library xil_defaultlib [C:/Users/rfumeron/Desktop/VHDLQUOI/VHDLQUOI.srcs/sources_1/imports/new/vga_160_100.vhd:1]
INFO: [HDL 9-1061] Parsing VHDL file "C:/Users/rfumeron/Desktop/VHDLQUOI/VHDLQUOI.srcs/sources_1/imports/new/vga_640_480.vhd" into library xil_defaultlib [C:/Users/rfumeron/Desktop/VHDLQUOI/VHDLQUOI.srcs/sources_1/imports/new/vga_640_480.vhd:1]
INFO: [HDL 9-1061] Parsing VHDL file "C:/Users/rfumeron/Desktop/VHDLQUOI/VHDLQUOI.srcs/sources_1/new/vga_bitmap_320x200.vhd" into library xil_defaultlib [C:/Users/rfumeron/Desktop/VHDLQUOI/VHDLQUOI.srcs/sources_1/new/vga_bitmap_320x200.vhd:1]
[Wed Dec 13 12:12:26 2017] Launched synth_1...
Run output will be captured here: C:/Users/rfumeron/Desktop/VHDLQUOI/VHDLQUOI.runs/synth_1/runme.log
reset_run synth_1
launch_runs synth_1
INFO: [HDL 9-1061] Parsing VHDL file "C:/Users/rfumeron/Desktop/VHDLQUOI/VHDLQUOI.srcs/sources_1/imports/new/acqui_mvt.vhd" into library xil_defaultlib [C:/Users/rfumeron/Desktop/VHDLQUOI/VHDLQUOI.srcs/sources_1/imports/new/acqui_mvt.vhd:1]
INFO: [HDL 9-1061] Parsing VHDL file "C:/Users/rfumeron/Desktop/VHDLQUOI/VHDLQUOI.srcs/sources_1/imports/new/alpha_canal.vhd" into library xil_defaultlib [C:/Users/rfumeron/Desktop/VHDLQUOI/VHDLQUOI.srcs/sources_1/imports/new/alpha_canal.vhd:1]
INFO: [HDL 9-1061] Parsing VHDL file "C:/Users/rfumeron/Desktop/VHDLQUOI/VHDLQUOI.srcs/sources_1/imports/new/charg_memoire.vhd" into library xil_defaultlib [C:/Users/rfumeron/Desktop/VHDLQUOI/VHDLQUOI.srcs/sources_1/imports/new/charg_memoire.vhd:1]
INFO: [HDL 9-1061] Parsing VHDL file "C:/Users/rfumeron/Desktop/VHDLQUOI/VHDLQUOI.srcs/sources_1/imports/new/clk_ennemis.vhd" into library xil_defaultlib [C:/Users/rfumeron/Desktop/VHDLQUOI/VHDLQUOI.srcs/sources_1/imports/new/clk_ennemis.vhd:1]
INFO: [HDL 9-1061] Parsing VHDL file "C:/Users/rfumeron/Desktop/VHDLQUOI/VHDLQUOI.srcs/sources_1/imports/new/clock_tir.vhd" into library xil_defaultlib [C:/Users/rfumeron/Desktop/VHDLQUOI/VHDLQUOI.srcs/sources_1/imports/new/clock_tir.vhd:1]
INFO: [HDL 9-1061] Parsing VHDL file "C:/Users/rfumeron/Desktop/VHDLQUOI/VHDLQUOI.srcs/sources_1/imports/new/cmp_addr.vhd" into library xil_defaultlib [C:/Users/rfumeron/Desktop/VHDLQUOI/VHDLQUOI.srcs/sources_1/imports/new/cmp_addr.vhd:1]
INFO: [HDL 9-1061] Parsing VHDL file "C:/Users/rfumeron/Desktop/VHDLQUOI/VHDLQUOI.srcs/sources_1/imports/new/cmp_x_y.vhd" into library xil_defaultlib [C:/Users/rfumeron/Desktop/VHDLQUOI/VHDLQUOI.srcs/sources_1/imports/new/cmp_x_y.vhd:1]
INFO: [HDL 9-1061] Parsing VHDL file "C:/Users/rfumeron/Desktop/VHDLQUOI/VHDLQUOI.srcs/sources_1/new/detect_pos.vhd" into library xil_defaultlib [C:/Users/rfumeron/Desktop/VHDLQUOI/VHDLQUOI.srcs/sources_1/new/detect_pos.vhd:1]
INFO: [HDL 9-1061] Parsing VHDL file "C:/Users/rfumeron/Desktop/VHDLQUOI/VHDLQUOI.srcs/sources_1/imports/new/gest_command.vhd" into library xil_defaultlib [C:/Users/rfumeron/Desktop/VHDLQUOI/VHDLQUOI.srcs/sources_1/imports/new/gest_command.vhd:1]
INFO: [HDL 9-1061] Parsing VHDL file "C:/Users/rfumeron/Desktop/VHDLQUOI/VHDLQUOI.srcs/sources_1/imports/new/gest_ennemis.vhd" into library xil_defaultlib [C:/Users/rfumeron/Desktop/VHDLQUOI/VHDLQUOI.srcs/sources_1/imports/new/gest_ennemis.vhd:1]
INFO: [HDL 9-1061] Parsing VHDL file "C:/Users/rfumeron/Desktop/VHDLQUOI/VHDLQUOI.srcs/sources_1/imports/new/gestion_tir.vhd" into library xil_defaultlib [C:/Users/rfumeron/Desktop/VHDLQUOI/VHDLQUOI.srcs/sources_1/imports/new/gestion_tir.vhd:1]
INFO: [HDL 9-1061] Parsing VHDL file "C:/Users/rfumeron/Desktop/VHDLQUOI/VHDLQUOI.srcs/sources_1/imports/new/impul_y.vhd" into library xil_defaultlib [C:/Users/rfumeron/Desktop/VHDLQUOI/VHDLQUOI.srcs/sources_1/imports/new/impul_y.vhd:1]
INFO: [HDL 9-1061] Parsing VHDL file "C:/Users/rfumeron/Desktop/VHDLQUOI/VHDLQUOI.srcs/sources_1/imports/new/mem_image.vhd" into library xil_defaultlib [C:/Users/rfumeron/Desktop/VHDLQUOI/VHDLQUOI.srcs/sources_1/imports/new/mem_image.vhd:1]
INFO: [HDL 9-1061] Parsing VHDL file "C:/Users/rfumeron/Desktop/VHDLQUOI/VHDLQUOI.srcs/sources_1/imports/new/memory_acess_image.vhd" into library xil_defaultlib [C:/Users/rfumeron/Desktop/VHDLQUOI/VHDLQUOI.srcs/sources_1/imports/new/memory_acess_image.vhd:1]
INFO: [HDL 9-1061] Parsing VHDL file "C:/Users/rfumeron/Desktop/VHDLQUOI/VHDLQUOI.srcs/sources_1/imports/new/memory_acess_matrix.vhd" into library xil_defaultlib [C:/Users/rfumeron/Desktop/VHDLQUOI/VHDLQUOI.srcs/sources_1/imports/new/memory_acess_matrix.vhd:1]
INFO: [HDL 9-1061] Parsing VHDL file "C:/Users/rfumeron/Desktop/VHDLQUOI/VHDLQUOI.srcs/sources_1/new/module_affichage.vhd" into library xil_defaultlib [C:/Users/rfumeron/Desktop/VHDLQUOI/VHDLQUOI.srcs/sources_1/new/module_affichage.vhd:1]
INFO: [HDL 9-1061] Parsing VHDL file "C:/Users/rfumeron/Desktop/VHDLQUOI/VHDLQUOI.srcs/sources_1/imports/new/mux_pixel.vhd" into library xil_defaultlib [C:/Users/rfumeron/Desktop/VHDLQUOI/VHDLQUOI.srcs/sources_1/imports/new/mux_pixel.vhd:1]
INFO: [HDL 9-1061] Parsing VHDL file "C:/Users/rfumeron/Desktop/VHDLQUOI/VHDLQUOI.srcs/sources_1/imports/new/test_charg_image.vhd" into library xil_defaultlib [C:/Users/rfumeron/Desktop/VHDLQUOI/VHDLQUOI.srcs/sources_1/imports/new/test_charg_image.vhd:1]
INFO: [HDL 9-1061] Parsing VHDL file "C:/Users/rfumeron/Desktop/VHDLQUOI/VHDLQUOI.srcs/sources_1/imports/new/top_module.vhd" into library xil_defaultlib [C:/Users/rfumeron/Desktop/VHDLQUOI/VHDLQUOI.srcs/sources_1/imports/new/top_module.vhd:1]
INFO: [HDL 9-1061] Parsing VHDL file "C:/Users/rfumeron/Desktop/VHDLQUOI/VHDLQUOI.srcs/sources_1/imports/new/vga_160_100.vhd" into library xil_defaultlib [C:/Users/rfumeron/Desktop/VHDLQUOI/VHDLQUOI.srcs/sources_1/imports/new/vga_160_100.vhd:1]
INFO: [HDL 9-1061] Parsing VHDL file "C:/Users/rfumeron/Desktop/VHDLQUOI/VHDLQUOI.srcs/sources_1/imports/new/vga_640_480.vhd" into library xil_defaultlib [C:/Users/rfumeron/Desktop/VHDLQUOI/VHDLQUOI.srcs/sources_1/imports/new/vga_640_480.vhd:1]
INFO: [HDL 9-1061] Parsing VHDL file "C:/Users/rfumeron/Desktop/VHDLQUOI/VHDLQUOI.srcs/sources_1/new/vga_bitmap_320x200.vhd" into library xil_defaultlib [C:/Users/rfumeron/Desktop/VHDLQUOI/VHDLQUOI.srcs/sources_1/new/vga_bitmap_320x200.vhd:1]
[Wed Dec 13 12:13:15 2017] Launched synth_1...
Run output will be captured here: C:/Users/rfumeron/Desktop/VHDLQUOI/VHDLQUOI.runs/synth_1/runme.log
reset_run synth_1
launch_runs synth_1
INFO: [HDL 9-1061] Parsing VHDL file "C:/Users/rfumeron/Desktop/VHDLQUOI/VHDLQUOI.srcs/sources_1/imports/new/acqui_mvt.vhd" into library xil_defaultlib [C:/Users/rfumeron/Desktop/VHDLQUOI/VHDLQUOI.srcs/sources_1/imports/new/acqui_mvt.vhd:1]
INFO: [HDL 9-1061] Parsing VHDL file "C:/Users/rfumeron/Desktop/VHDLQUOI/VHDLQUOI.srcs/sources_1/imports/new/alpha_canal.vhd" into library xil_defaultlib [C:/Users/rfumeron/Desktop/VHDLQUOI/VHDLQUOI.srcs/sources_1/imports/new/alpha_canal.vhd:1]
INFO: [HDL 9-1061] Parsing VHDL file "C:/Users/rfumeron/Desktop/VHDLQUOI/VHDLQUOI.srcs/sources_1/imports/new/charg_memoire.vhd" into library xil_defaultlib [C:/Users/rfumeron/Desktop/VHDLQUOI/VHDLQUOI.srcs/sources_1/imports/new/charg_memoire.vhd:1]
INFO: [HDL 9-1061] Parsing VHDL file "C:/Users/rfumeron/Desktop/VHDLQUOI/VHDLQUOI.srcs/sources_1/imports/new/clk_ennemis.vhd" into library xil_defaultlib [C:/Users/rfumeron/Desktop/VHDLQUOI/VHDLQUOI.srcs/sources_1/imports/new/clk_ennemis.vhd:1]
INFO: [HDL 9-1061] Parsing VHDL file "C:/Users/rfumeron/Desktop/VHDLQUOI/VHDLQUOI.srcs/sources_1/imports/new/clock_tir.vhd" into library xil_defaultlib [C:/Users/rfumeron/Desktop/VHDLQUOI/VHDLQUOI.srcs/sources_1/imports/new/clock_tir.vhd:1]
INFO: [HDL 9-1061] Parsing VHDL file "C:/Users/rfumeron/Desktop/VHDLQUOI/VHDLQUOI.srcs/sources_1/imports/new/cmp_addr.vhd" into library xil_defaultlib [C:/Users/rfumeron/Desktop/VHDLQUOI/VHDLQUOI.srcs/sources_1/imports/new/cmp_addr.vhd:1]
INFO: [HDL 9-1061] Parsing VHDL file "C:/Users/rfumeron/Desktop/VHDLQUOI/VHDLQUOI.srcs/sources_1/imports/new/cmp_x_y.vhd" into library xil_defaultlib [C:/Users/rfumeron/Desktop/VHDLQUOI/VHDLQUOI.srcs/sources_1/imports/new/cmp_x_y.vhd:1]
INFO: [HDL 9-1061] Parsing VHDL file "C:/Users/rfumeron/Desktop/VHDLQUOI/VHDLQUOI.srcs/sources_1/new/detect_pos.vhd" into library xil_defaultlib [C:/Users/rfumeron/Desktop/VHDLQUOI/VHDLQUOI.srcs/sources_1/new/detect_pos.vhd:1]
INFO: [HDL 9-1061] Parsing VHDL file "C:/Users/rfumeron/Desktop/VHDLQUOI/VHDLQUOI.srcs/sources_1/imports/new/gest_command.vhd" into library xil_defaultlib [C:/Users/rfumeron/Desktop/VHDLQUOI/VHDLQUOI.srcs/sources_1/imports/new/gest_command.vhd:1]
INFO: [HDL 9-1061] Parsing VHDL file "C:/Users/rfumeron/Desktop/VHDLQUOI/VHDLQUOI.srcs/sources_1/imports/new/gest_ennemis.vhd" into library xil_defaultlib [C:/Users/rfumeron/Desktop/VHDLQUOI/VHDLQUOI.srcs/sources_1/imports/new/gest_ennemis.vhd:1]
INFO: [HDL 9-1061] Parsing VHDL file "C:/Users/rfumeron/Desktop/VHDLQUOI/VHDLQUOI.srcs/sources_1/imports/new/gestion_tir.vhd" into library xil_defaultlib [C:/Users/rfumeron/Desktop/VHDLQUOI/VHDLQUOI.srcs/sources_1/imports/new/gestion_tir.vhd:1]
INFO: [HDL 9-1061] Parsing VHDL file "C:/Users/rfumeron/Desktop/VHDLQUOI/VHDLQUOI.srcs/sources_1/imports/new/impul_y.vhd" into library xil_defaultlib [C:/Users/rfumeron/Desktop/VHDLQUOI/VHDLQUOI.srcs/sources_1/imports/new/impul_y.vhd:1]
INFO: [HDL 9-1061] Parsing VHDL file "C:/Users/rfumeron/Desktop/VHDLQUOI/VHDLQUOI.srcs/sources_1/imports/new/mem_image.vhd" into library xil_defaultlib [C:/Users/rfumeron/Desktop/VHDLQUOI/VHDLQUOI.srcs/sources_1/imports/new/mem_image.vhd:1]
INFO: [HDL 9-1061] Parsing VHDL file "C:/Users/rfumeron/Desktop/VHDLQUOI/VHDLQUOI.srcs/sources_1/imports/new/memory_acess_image.vhd" into library xil_defaultlib [C:/Users/rfumeron/Desktop/VHDLQUOI/VHDLQUOI.srcs/sources_1/imports/new/memory_acess_image.vhd:1]
INFO: [HDL 9-1061] Parsing VHDL file "C:/Users/rfumeron/Desktop/VHDLQUOI/VHDLQUOI.srcs/sources_1/imports/new/memory_acess_matrix.vhd" into library xil_defaultlib [C:/Users/rfumeron/Desktop/VHDLQUOI/VHDLQUOI.srcs/sources_1/imports/new/memory_acess_matrix.vhd:1]
INFO: [HDL 9-1061] Parsing VHDL file "C:/Users/rfumeron/Desktop/VHDLQUOI/VHDLQUOI.srcs/sources_1/new/module_affichage.vhd" into library xil_defaultlib [C:/Users/rfumeron/Desktop/VHDLQUOI/VHDLQUOI.srcs/sources_1/new/module_affichage.vhd:1]
INFO: [HDL 9-1061] Parsing VHDL file "C:/Users/rfumeron/Desktop/VHDLQUOI/VHDLQUOI.srcs/sources_1/imports/new/mux_pixel.vhd" into library xil_defaultlib [C:/Users/rfumeron/Desktop/VHDLQUOI/VHDLQUOI.srcs/sources_1/imports/new/mux_pixel.vhd:1]
INFO: [HDL 9-1061] Parsing VHDL file "C:/Users/rfumeron/Desktop/VHDLQUOI/VHDLQUOI.srcs/sources_1/imports/new/test_charg_image.vhd" into library xil_defaultlib [C:/Users/rfumeron/Desktop/VHDLQUOI/VHDLQUOI.srcs/sources_1/imports/new/test_charg_image.vhd:1]
INFO: [HDL 9-1061] Parsing VHDL file "C:/Users/rfumeron/Desktop/VHDLQUOI/VHDLQUOI.srcs/sources_1/imports/new/top_module.vhd" into library xil_defaultlib [C:/Users/rfumeron/Desktop/VHDLQUOI/VHDLQUOI.srcs/sources_1/imports/new/top_module.vhd:1]
INFO: [HDL 9-1061] Parsing VHDL file "C:/Users/rfumeron/Desktop/VHDLQUOI/VHDLQUOI.srcs/sources_1/imports/new/vga_160_100.vhd" into library xil_defaultlib [C:/Users/rfumeron/Desktop/VHDLQUOI/VHDLQUOI.srcs/sources_1/imports/new/vga_160_100.vhd:1]
INFO: [HDL 9-1061] Parsing VHDL file "C:/Users/rfumeron/Desktop/VHDLQUOI/VHDLQUOI.srcs/sources_1/imports/new/vga_640_480.vhd" into library xil_defaultlib [C:/Users/rfumeron/Desktop/VHDLQUOI/VHDLQUOI.srcs/sources_1/imports/new/vga_640_480.vhd:1]
INFO: [HDL 9-1061] Parsing VHDL file "C:/Users/rfumeron/Desktop/VHDLQUOI/VHDLQUOI.srcs/sources_1/new/vga_bitmap_320x200.vhd" into library xil_defaultlib [C:/Users/rfumeron/Desktop/VHDLQUOI/VHDLQUOI.srcs/sources_1/new/vga_bitmap_320x200.vhd:1]
[Wed Dec 13 12:14:21 2017] Launched synth_1...
Run output will be captured here: C:/Users/rfumeron/Desktop/VHDLQUOI/VHDLQUOI.runs/synth_1/runme.log
reset_run synth_1
launch_runs synth_1
INFO: [HDL 9-1061] Parsing VHDL file "C:/Users/rfumeron/Desktop/VHDLQUOI/VHDLQUOI.srcs/sources_1/imports/new/acqui_mvt.vhd" into library xil_defaultlib [C:/Users/rfumeron/Desktop/VHDLQUOI/VHDLQUOI.srcs/sources_1/imports/new/acqui_mvt.vhd:1]
INFO: [HDL 9-1061] Parsing VHDL file "C:/Users/rfumeron/Desktop/VHDLQUOI/VHDLQUOI.srcs/sources_1/imports/new/alpha_canal.vhd" into library xil_defaultlib [C:/Users/rfumeron/Desktop/VHDLQUOI/VHDLQUOI.srcs/sources_1/imports/new/alpha_canal.vhd:1]
INFO: [HDL 9-1061] Parsing VHDL file "C:/Users/rfumeron/Desktop/VHDLQUOI/VHDLQUOI.srcs/sources_1/imports/new/charg_memoire.vhd" into library xil_defaultlib [C:/Users/rfumeron/Desktop/VHDLQUOI/VHDLQUOI.srcs/sources_1/imports/new/charg_memoire.vhd:1]
INFO: [HDL 9-1061] Parsing VHDL file "C:/Users/rfumeron/Desktop/VHDLQUOI/VHDLQUOI.srcs/sources_1/imports/new/clk_ennemis.vhd" into library xil_defaultlib [C:/Users/rfumeron/Desktop/VHDLQUOI/VHDLQUOI.srcs/sources_1/imports/new/clk_ennemis.vhd:1]
INFO: [HDL 9-1061] Parsing VHDL file "C:/Users/rfumeron/Desktop/VHDLQUOI/VHDLQUOI.srcs/sources_1/imports/new/clock_tir.vhd" into library xil_defaultlib [C:/Users/rfumeron/Desktop/VHDLQUOI/VHDLQUOI.srcs/sources_1/imports/new/clock_tir.vhd:1]
INFO: [HDL 9-1061] Parsing VHDL file "C:/Users/rfumeron/Desktop/VHDLQUOI/VHDLQUOI.srcs/sources_1/imports/new/cmp_addr.vhd" into library xil_defaultlib [C:/Users/rfumeron/Desktop/VHDLQUOI/VHDLQUOI.srcs/sources_1/imports/new/cmp_addr.vhd:1]
INFO: [HDL 9-1061] Parsing VHDL file "C:/Users/rfumeron/Desktop/VHDLQUOI/VHDLQUOI.srcs/sources_1/imports/new/cmp_x_y.vhd" into library xil_defaultlib [C:/Users/rfumeron/Desktop/VHDLQUOI/VHDLQUOI.srcs/sources_1/imports/new/cmp_x_y.vhd:1]
INFO: [HDL 9-1061] Parsing VHDL file "C:/Users/rfumeron/Desktop/VHDLQUOI/VHDLQUOI.srcs/sources_1/new/detect_pos.vhd" into library xil_defaultlib [C:/Users/rfumeron/Desktop/VHDLQUOI/VHDLQUOI.srcs/sources_1/new/detect_pos.vhd:1]
INFO: [HDL 9-1061] Parsing VHDL file "C:/Users/rfumeron/Desktop/VHDLQUOI/VHDLQUOI.srcs/sources_1/imports/new/gest_command.vhd" into library xil_defaultlib [C:/Users/rfumeron/Desktop/VHDLQUOI/VHDLQUOI.srcs/sources_1/imports/new/gest_command.vhd:1]
INFO: [HDL 9-1061] Parsing VHDL file "C:/Users/rfumeron/Desktop/VHDLQUOI/VHDLQUOI.srcs/sources_1/imports/new/gest_ennemis.vhd" into library xil_defaultlib [C:/Users/rfumeron/Desktop/VHDLQUOI/VHDLQUOI.srcs/sources_1/imports/new/gest_ennemis.vhd:1]
INFO: [HDL 9-1061] Parsing VHDL file "C:/Users/rfumeron/Desktop/VHDLQUOI/VHDLQUOI.srcs/sources_1/imports/new/gestion_tir.vhd" into library xil_defaultlib [C:/Users/rfumeron/Desktop/VHDLQUOI/VHDLQUOI.srcs/sources_1/imports/new/gestion_tir.vhd:1]
INFO: [HDL 9-1061] Parsing VHDL file "C:/Users/rfumeron/Desktop/VHDLQUOI/VHDLQUOI.srcs/sources_1/imports/new/impul_y.vhd" into library xil_defaultlib [C:/Users/rfumeron/Desktop/VHDLQUOI/VHDLQUOI.srcs/sources_1/imports/new/impul_y.vhd:1]
INFO: [HDL 9-1061] Parsing VHDL file "C:/Users/rfumeron/Desktop/VHDLQUOI/VHDLQUOI.srcs/sources_1/imports/new/mem_image.vhd" into library xil_defaultlib [C:/Users/rfumeron/Desktop/VHDLQUOI/VHDLQUOI.srcs/sources_1/imports/new/mem_image.vhd:1]
INFO: [HDL 9-1061] Parsing VHDL file "C:/Users/rfumeron/Desktop/VHDLQUOI/VHDLQUOI.srcs/sources_1/imports/new/memory_acess_image.vhd" into library xil_defaultlib [C:/Users/rfumeron/Desktop/VHDLQUOI/VHDLQUOI.srcs/sources_1/imports/new/memory_acess_image.vhd:1]
INFO: [HDL 9-1061] Parsing VHDL file "C:/Users/rfumeron/Desktop/VHDLQUOI/VHDLQUOI.srcs/sources_1/imports/new/memory_acess_matrix.vhd" into library xil_defaultlib [C:/Users/rfumeron/Desktop/VHDLQUOI/VHDLQUOI.srcs/sources_1/imports/new/memory_acess_matrix.vhd:1]
INFO: [HDL 9-1061] Parsing VHDL file "C:/Users/rfumeron/Desktop/VHDLQUOI/VHDLQUOI.srcs/sources_1/new/module_affichage.vhd" into library xil_defaultlib [C:/Users/rfumeron/Desktop/VHDLQUOI/VHDLQUOI.srcs/sources_1/new/module_affichage.vhd:1]
INFO: [HDL 9-1061] Parsing VHDL file "C:/Users/rfumeron/Desktop/VHDLQUOI/VHDLQUOI.srcs/sources_1/imports/new/mux_pixel.vhd" into library xil_defaultlib [C:/Users/rfumeron/Desktop/VHDLQUOI/VHDLQUOI.srcs/sources_1/imports/new/mux_pixel.vhd:1]
INFO: [HDL 9-1061] Parsing VHDL file "C:/Users/rfumeron/Desktop/VHDLQUOI/VHDLQUOI.srcs/sources_1/imports/new/test_charg_image.vhd" into library xil_defaultlib [C:/Users/rfumeron/Desktop/VHDLQUOI/VHDLQUOI.srcs/sources_1/imports/new/test_charg_image.vhd:1]
INFO: [HDL 9-1061] Parsing VHDL file "C:/Users/rfumeron/Desktop/VHDLQUOI/VHDLQUOI.srcs/sources_1/imports/new/top_module.vhd" into library xil_defaultlib [C:/Users/rfumeron/Desktop/VHDLQUOI/VHDLQUOI.srcs/sources_1/imports/new/top_module.vhd:1]
INFO: [HDL 9-1061] Parsing VHDL file "C:/Users/rfumeron/Desktop/VHDLQUOI/VHDLQUOI.srcs/sources_1/imports/new/vga_160_100.vhd" into library xil_defaultlib [C:/Users/rfumeron/Desktop/VHDLQUOI/VHDLQUOI.srcs/sources_1/imports/new/vga_160_100.vhd:1]
INFO: [HDL 9-1061] Parsing VHDL file "C:/Users/rfumeron/Desktop/VHDLQUOI/VHDLQUOI.srcs/sources_1/imports/new/vga_640_480.vhd" into library xil_defaultlib [C:/Users/rfumeron/Desktop/VHDLQUOI/VHDLQUOI.srcs/sources_1/imports/new/vga_640_480.vhd:1]
INFO: [HDL 9-1061] Parsing VHDL file "C:/Users/rfumeron/Desktop/VHDLQUOI/VHDLQUOI.srcs/sources_1/new/vga_bitmap_320x200.vhd" into library xil_defaultlib [C:/Users/rfumeron/Desktop/VHDLQUOI/VHDLQUOI.srcs/sources_1/new/vga_bitmap_320x200.vhd:1]
[Wed Dec 13 12:15:10 2017] Launched synth_1...
Run output will be captured here: C:/Users/rfumeron/Desktop/VHDLQUOI/VHDLQUOI.runs/synth_1/runme.log
reset_run synth_1
launch_runs synth_1
INFO: [HDL 9-1061] Parsing VHDL file "C:/Users/rfumeron/Desktop/VHDLQUOI/VHDLQUOI.srcs/sources_1/imports/new/acqui_mvt.vhd" into library xil_defaultlib [C:/Users/rfumeron/Desktop/VHDLQUOI/VHDLQUOI.srcs/sources_1/imports/new/acqui_mvt.vhd:1]
INFO: [HDL 9-1061] Parsing VHDL file "C:/Users/rfumeron/Desktop/VHDLQUOI/VHDLQUOI.srcs/sources_1/imports/new/alpha_canal.vhd" into library xil_defaultlib [C:/Users/rfumeron/Desktop/VHDLQUOI/VHDLQUOI.srcs/sources_1/imports/new/alpha_canal.vhd:1]
INFO: [HDL 9-1061] Parsing VHDL file "C:/Users/rfumeron/Desktop/VHDLQUOI/VHDLQUOI.srcs/sources_1/imports/new/charg_memoire.vhd" into library xil_defaultlib [C:/Users/rfumeron/Desktop/VHDLQUOI/VHDLQUOI.srcs/sources_1/imports/new/charg_memoire.vhd:1]
INFO: [HDL 9-1061] Parsing VHDL file "C:/Users/rfumeron/Desktop/VHDLQUOI/VHDLQUOI.srcs/sources_1/imports/new/clk_ennemis.vhd" into library xil_defaultlib [C:/Users/rfumeron/Desktop/VHDLQUOI/VHDLQUOI.srcs/sources_1/imports/new/clk_ennemis.vhd:1]
INFO: [HDL 9-1061] Parsing VHDL file "C:/Users/rfumeron/Desktop/VHDLQUOI/VHDLQUOI.srcs/sources_1/imports/new/clock_tir.vhd" into library xil_defaultlib [C:/Users/rfumeron/Desktop/VHDLQUOI/VHDLQUOI.srcs/sources_1/imports/new/clock_tir.vhd:1]
INFO: [HDL 9-1061] Parsing VHDL file "C:/Users/rfumeron/Desktop/VHDLQUOI/VHDLQUOI.srcs/sources_1/imports/new/cmp_addr.vhd" into library xil_defaultlib [C:/Users/rfumeron/Desktop/VHDLQUOI/VHDLQUOI.srcs/sources_1/imports/new/cmp_addr.vhd:1]
INFO: [HDL 9-1061] Parsing VHDL file "C:/Users/rfumeron/Desktop/VHDLQUOI/VHDLQUOI.srcs/sources_1/imports/new/cmp_x_y.vhd" into library xil_defaultlib [C:/Users/rfumeron/Desktop/VHDLQUOI/VHDLQUOI.srcs/sources_1/imports/new/cmp_x_y.vhd:1]
INFO: [HDL 9-1061] Parsing VHDL file "C:/Users/rfumeron/Desktop/VHDLQUOI/VHDLQUOI.srcs/sources_1/new/detect_pos.vhd" into library xil_defaultlib [C:/Users/rfumeron/Desktop/VHDLQUOI/VHDLQUOI.srcs/sources_1/new/detect_pos.vhd:1]
INFO: [HDL 9-1061] Parsing VHDL file "C:/Users/rfumeron/Desktop/VHDLQUOI/VHDLQUOI.srcs/sources_1/imports/new/gest_command.vhd" into library xil_defaultlib [C:/Users/rfumeron/Desktop/VHDLQUOI/VHDLQUOI.srcs/sources_1/imports/new/gest_command.vhd:1]
INFO: [HDL 9-1061] Parsing VHDL file "C:/Users/rfumeron/Desktop/VHDLQUOI/VHDLQUOI.srcs/sources_1/imports/new/gest_ennemis.vhd" into library xil_defaultlib [C:/Users/rfumeron/Desktop/VHDLQUOI/VHDLQUOI.srcs/sources_1/imports/new/gest_ennemis.vhd:1]
INFO: [HDL 9-1061] Parsing VHDL file "C:/Users/rfumeron/Desktop/VHDLQUOI/VHDLQUOI.srcs/sources_1/imports/new/gestion_tir.vhd" into library xil_defaultlib [C:/Users/rfumeron/Desktop/VHDLQUOI/VHDLQUOI.srcs/sources_1/imports/new/gestion_tir.vhd:1]
INFO: [HDL 9-1061] Parsing VHDL file "C:/Users/rfumeron/Desktop/VHDLQUOI/VHDLQUOI.srcs/sources_1/imports/new/impul_y.vhd" into library xil_defaultlib [C:/Users/rfumeron/Desktop/VHDLQUOI/VHDLQUOI.srcs/sources_1/imports/new/impul_y.vhd:1]
INFO: [HDL 9-1061] Parsing VHDL file "C:/Users/rfumeron/Desktop/VHDLQUOI/VHDLQUOI.srcs/sources_1/imports/new/mem_image.vhd" into library xil_defaultlib [C:/Users/rfumeron/Desktop/VHDLQUOI/VHDLQUOI.srcs/sources_1/imports/new/mem_image.vhd:1]
INFO: [HDL 9-1061] Parsing VHDL file "C:/Users/rfumeron/Desktop/VHDLQUOI/VHDLQUOI.srcs/sources_1/imports/new/memory_acess_image.vhd" into library xil_defaultlib [C:/Users/rfumeron/Desktop/VHDLQUOI/VHDLQUOI.srcs/sources_1/imports/new/memory_acess_image.vhd:1]
INFO: [HDL 9-1061] Parsing VHDL file "C:/Users/rfumeron/Desktop/VHDLQUOI/VHDLQUOI.srcs/sources_1/imports/new/memory_acess_matrix.vhd" into library xil_defaultlib [C:/Users/rfumeron/Desktop/VHDLQUOI/VHDLQUOI.srcs/sources_1/imports/new/memory_acess_matrix.vhd:1]
INFO: [HDL 9-1061] Parsing VHDL file "C:/Users/rfumeron/Desktop/VHDLQUOI/VHDLQUOI.srcs/sources_1/new/module_affichage.vhd" into library xil_defaultlib [C:/Users/rfumeron/Desktop/VHDLQUOI/VHDLQUOI.srcs/sources_1/new/module_affichage.vhd:1]
INFO: [HDL 9-1061] Parsing VHDL file "C:/Users/rfumeron/Desktop/VHDLQUOI/VHDLQUOI.srcs/sources_1/imports/new/mux_pixel.vhd" into library xil_defaultlib [C:/Users/rfumeron/Desktop/VHDLQUOI/VHDLQUOI.srcs/sources_1/imports/new/mux_pixel.vhd:1]
INFO: [HDL 9-1061] Parsing VHDL file "C:/Users/rfumeron/Desktop/VHDLQUOI/VHDLQUOI.srcs/sources_1/imports/new/test_charg_image.vhd" into library xil_defaultlib [C:/Users/rfumeron/Desktop/VHDLQUOI/VHDLQUOI.srcs/sources_1/imports/new/test_charg_image.vhd:1]
INFO: [HDL 9-1061] Parsing VHDL file "C:/Users/rfumeron/Desktop/VHDLQUOI/VHDLQUOI.srcs/sources_1/imports/new/top_module.vhd" into library xil_defaultlib [C:/Users/rfumeron/Desktop/VHDLQUOI/VHDLQUOI.srcs/sources_1/imports/new/top_module.vhd:1]
INFO: [HDL 9-1061] Parsing VHDL file "C:/Users/rfumeron/Desktop/VHDLQUOI/VHDLQUOI.srcs/sources_1/imports/new/vga_160_100.vhd" into library xil_defaultlib [C:/Users/rfumeron/Desktop/VHDLQUOI/VHDLQUOI.srcs/sources_1/imports/new/vga_160_100.vhd:1]
INFO: [HDL 9-1061] Parsing VHDL file "C:/Users/rfumeron/Desktop/VHDLQUOI/VHDLQUOI.srcs/sources_1/imports/new/vga_640_480.vhd" into library xil_defaultlib [C:/Users/rfumeron/Desktop/VHDLQUOI/VHDLQUOI.srcs/sources_1/imports/new/vga_640_480.vhd:1]
INFO: [HDL 9-1061] Parsing VHDL file "C:/Users/rfumeron/Desktop/VHDLQUOI/VHDLQUOI.srcs/sources_1/new/vga_bitmap_320x200.vhd" into library xil_defaultlib [C:/Users/rfumeron/Desktop/VHDLQUOI/VHDLQUOI.srcs/sources_1/new/vga_bitmap_320x200.vhd:1]
[Wed Dec 13 12:15:36 2017] Launched synth_1...
Run output will be captured here: C:/Users/rfumeron/Desktop/VHDLQUOI/VHDLQUOI.runs/synth_1/runme.log
reset_run synth_1
launch_runs synth_1
INFO: [HDL 9-1061] Parsing VHDL file "C:/Users/rfumeron/Desktop/VHDLQUOI/VHDLQUOI.srcs/sources_1/imports/new/acqui_mvt.vhd" into library xil_defaultlib [C:/Users/rfumeron/Desktop/VHDLQUOI/VHDLQUOI.srcs/sources_1/imports/new/acqui_mvt.vhd:1]
INFO: [HDL 9-1061] Parsing VHDL file "C:/Users/rfumeron/Desktop/VHDLQUOI/VHDLQUOI.srcs/sources_1/imports/new/alpha_canal.vhd" into library xil_defaultlib [C:/Users/rfumeron/Desktop/VHDLQUOI/VHDLQUOI.srcs/sources_1/imports/new/alpha_canal.vhd:1]
INFO: [HDL 9-1061] Parsing VHDL file "C:/Users/rfumeron/Desktop/VHDLQUOI/VHDLQUOI.srcs/sources_1/imports/new/charg_memoire.vhd" into library xil_defaultlib [C:/Users/rfumeron/Desktop/VHDLQUOI/VHDLQUOI.srcs/sources_1/imports/new/charg_memoire.vhd:1]
INFO: [HDL 9-1061] Parsing VHDL file "C:/Users/rfumeron/Desktop/VHDLQUOI/VHDLQUOI.srcs/sources_1/imports/new/clk_ennemis.vhd" into library xil_defaultlib [C:/Users/rfumeron/Desktop/VHDLQUOI/VHDLQUOI.srcs/sources_1/imports/new/clk_ennemis.vhd:1]
INFO: [HDL 9-1061] Parsing VHDL file "C:/Users/rfumeron/Desktop/VHDLQUOI/VHDLQUOI.srcs/sources_1/imports/new/clock_tir.vhd" into library xil_defaultlib [C:/Users/rfumeron/Desktop/VHDLQUOI/VHDLQUOI.srcs/sources_1/imports/new/clock_tir.vhd:1]
INFO: [HDL 9-1061] Parsing VHDL file "C:/Users/rfumeron/Desktop/VHDLQUOI/VHDLQUOI.srcs/sources_1/imports/new/cmp_addr.vhd" into library xil_defaultlib [C:/Users/rfumeron/Desktop/VHDLQUOI/VHDLQUOI.srcs/sources_1/imports/new/cmp_addr.vhd:1]
INFO: [HDL 9-1061] Parsing VHDL file "C:/Users/rfumeron/Desktop/VHDLQUOI/VHDLQUOI.srcs/sources_1/imports/new/cmp_x_y.vhd" into library xil_defaultlib [C:/Users/rfumeron/Desktop/VHDLQUOI/VHDLQUOI.srcs/sources_1/imports/new/cmp_x_y.vhd:1]
INFO: [HDL 9-1061] Parsing VHDL file "C:/Users/rfumeron/Desktop/VHDLQUOI/VHDLQUOI.srcs/sources_1/new/detect_pos.vhd" into library xil_defaultlib [C:/Users/rfumeron/Desktop/VHDLQUOI/VHDLQUOI.srcs/sources_1/new/detect_pos.vhd:1]
INFO: [HDL 9-1061] Parsing VHDL file "C:/Users/rfumeron/Desktop/VHDLQUOI/VHDLQUOI.srcs/sources_1/imports/new/gest_command.vhd" into library xil_defaultlib [C:/Users/rfumeron/Desktop/VHDLQUOI/VHDLQUOI.srcs/sources_1/imports/new/gest_command.vhd:1]
INFO: [HDL 9-1061] Parsing VHDL file "C:/Users/rfumeron/Desktop/VHDLQUOI/VHDLQUOI.srcs/sources_1/imports/new/gest_ennemis.vhd" into library xil_defaultlib [C:/Users/rfumeron/Desktop/VHDLQUOI/VHDLQUOI.srcs/sources_1/imports/new/gest_ennemis.vhd:1]
INFO: [HDL 9-1061] Parsing VHDL file "C:/Users/rfumeron/Desktop/VHDLQUOI/VHDLQUOI.srcs/sources_1/imports/new/gestion_tir.vhd" into library xil_defaultlib [C:/Users/rfumeron/Desktop/VHDLQUOI/VHDLQUOI.srcs/sources_1/imports/new/gestion_tir.vhd:1]
INFO: [HDL 9-1061] Parsing VHDL file "C:/Users/rfumeron/Desktop/VHDLQUOI/VHDLQUOI.srcs/sources_1/imports/new/impul_y.vhd" into library xil_defaultlib [C:/Users/rfumeron/Desktop/VHDLQUOI/VHDLQUOI.srcs/sources_1/imports/new/impul_y.vhd:1]
INFO: [HDL 9-1061] Parsing VHDL file "C:/Users/rfumeron/Desktop/VHDLQUOI/VHDLQUOI.srcs/sources_1/imports/new/mem_image.vhd" into library xil_defaultlib [C:/Users/rfumeron/Desktop/VHDLQUOI/VHDLQUOI.srcs/sources_1/imports/new/mem_image.vhd:1]
INFO: [HDL 9-1061] Parsing VHDL file "C:/Users/rfumeron/Desktop/VHDLQUOI/VHDLQUOI.srcs/sources_1/imports/new/memory_acess_image.vhd" into library xil_defaultlib [C:/Users/rfumeron/Desktop/VHDLQUOI/VHDLQUOI.srcs/sources_1/imports/new/memory_acess_image.vhd:1]
INFO: [HDL 9-1061] Parsing VHDL file "C:/Users/rfumeron/Desktop/VHDLQUOI/VHDLQUOI.srcs/sources_1/imports/new/memory_acess_matrix.vhd" into library xil_defaultlib [C:/Users/rfumeron/Desktop/VHDLQUOI/VHDLQUOI.srcs/sources_1/imports/new/memory_acess_matrix.vhd:1]
INFO: [HDL 9-1061] Parsing VHDL file "C:/Users/rfumeron/Desktop/VHDLQUOI/VHDLQUOI.srcs/sources_1/new/module_affichage.vhd" into library xil_defaultlib [C:/Users/rfumeron/Desktop/VHDLQUOI/VHDLQUOI.srcs/sources_1/new/module_affichage.vhd:1]
INFO: [HDL 9-1061] Parsing VHDL file "C:/Users/rfumeron/Desktop/VHDLQUOI/VHDLQUOI.srcs/sources_1/imports/new/mux_pixel.vhd" into library xil_defaultlib [C:/Users/rfumeron/Desktop/VHDLQUOI/VHDLQUOI.srcs/sources_1/imports/new/mux_pixel.vhd:1]
INFO: [HDL 9-1061] Parsing VHDL file "C:/Users/rfumeron/Desktop/VHDLQUOI/VHDLQUOI.srcs/sources_1/imports/new/test_charg_image.vhd" into library xil_defaultlib [C:/Users/rfumeron/Desktop/VHDLQUOI/VHDLQUOI.srcs/sources_1/imports/new/test_charg_image.vhd:1]
INFO: [HDL 9-1061] Parsing VHDL file "C:/Users/rfumeron/Desktop/VHDLQUOI/VHDLQUOI.srcs/sources_1/imports/new/top_module.vhd" into library xil_defaultlib [C:/Users/rfumeron/Desktop/VHDLQUOI/VHDLQUOI.srcs/sources_1/imports/new/top_module.vhd:1]
INFO: [HDL 9-1061] Parsing VHDL file "C:/Users/rfumeron/Desktop/VHDLQUOI/VHDLQUOI.srcs/sources_1/imports/new/vga_160_100.vhd" into library xil_defaultlib [C:/Users/rfumeron/Desktop/VHDLQUOI/VHDLQUOI.srcs/sources_1/imports/new/vga_160_100.vhd:1]
INFO: [HDL 9-1061] Parsing VHDL file "C:/Users/rfumeron/Desktop/VHDLQUOI/VHDLQUOI.srcs/sources_1/imports/new/vga_640_480.vhd" into library xil_defaultlib [C:/Users/rfumeron/Desktop/VHDLQUOI/VHDLQUOI.srcs/sources_1/imports/new/vga_640_480.vhd:1]
INFO: [HDL 9-1061] Parsing VHDL file "C:/Users/rfumeron/Desktop/VHDLQUOI/VHDLQUOI.srcs/sources_1/new/vga_bitmap_320x200.vhd" into library xil_defaultlib [C:/Users/rfumeron/Desktop/VHDLQUOI/VHDLQUOI.srcs/sources_1/new/vga_bitmap_320x200.vhd:1]
[Wed Dec 13 12:16:33 2017] Launched synth_1...
Run output will be captured here: C:/Users/rfumeron/Desktop/VHDLQUOI/VHDLQUOI.runs/synth_1/runme.log
reset_run synth_1
launch_runs synth_1
INFO: [HDL 9-1061] Parsing VHDL file "C:/Users/rfumeron/Desktop/VHDLQUOI/VHDLQUOI.srcs/sources_1/imports/new/acqui_mvt.vhd" into library xil_defaultlib [C:/Users/rfumeron/Desktop/VHDLQUOI/VHDLQUOI.srcs/sources_1/imports/new/acqui_mvt.vhd:1]
INFO: [HDL 9-1061] Parsing VHDL file "C:/Users/rfumeron/Desktop/VHDLQUOI/VHDLQUOI.srcs/sources_1/imports/new/alpha_canal.vhd" into library xil_defaultlib [C:/Users/rfumeron/Desktop/VHDLQUOI/VHDLQUOI.srcs/sources_1/imports/new/alpha_canal.vhd:1]
INFO: [HDL 9-1061] Parsing VHDL file "C:/Users/rfumeron/Desktop/VHDLQUOI/VHDLQUOI.srcs/sources_1/imports/new/charg_memoire.vhd" into library xil_defaultlib [C:/Users/rfumeron/Desktop/VHDLQUOI/VHDLQUOI.srcs/sources_1/imports/new/charg_memoire.vhd:1]
INFO: [HDL 9-1061] Parsing VHDL file "C:/Users/rfumeron/Desktop/VHDLQUOI/VHDLQUOI.srcs/sources_1/imports/new/clk_ennemis.vhd" into library xil_defaultlib [C:/Users/rfumeron/Desktop/VHDLQUOI/VHDLQUOI.srcs/sources_1/imports/new/clk_ennemis.vhd:1]
INFO: [HDL 9-1061] Parsing VHDL file "C:/Users/rfumeron/Desktop/VHDLQUOI/VHDLQUOI.srcs/sources_1/imports/new/clock_tir.vhd" into library xil_defaultlib [C:/Users/rfumeron/Desktop/VHDLQUOI/VHDLQUOI.srcs/sources_1/imports/new/clock_tir.vhd:1]
INFO: [HDL 9-1061] Parsing VHDL file "C:/Users/rfumeron/Desktop/VHDLQUOI/VHDLQUOI.srcs/sources_1/imports/new/cmp_addr.vhd" into library xil_defaultlib [C:/Users/rfumeron/Desktop/VHDLQUOI/VHDLQUOI.srcs/sources_1/imports/new/cmp_addr.vhd:1]
INFO: [HDL 9-1061] Parsing VHDL file "C:/Users/rfumeron/Desktop/VHDLQUOI/VHDLQUOI.srcs/sources_1/imports/new/cmp_x_y.vhd" into library xil_defaultlib [C:/Users/rfumeron/Desktop/VHDLQUOI/VHDLQUOI.srcs/sources_1/imports/new/cmp_x_y.vhd:1]
INFO: [HDL 9-1061] Parsing VHDL file "C:/Users/rfumeron/Desktop/VHDLQUOI/VHDLQUOI.srcs/sources_1/new/detect_pos.vhd" into library xil_defaultlib [C:/Users/rfumeron/Desktop/VHDLQUOI/VHDLQUOI.srcs/sources_1/new/detect_pos.vhd:1]
INFO: [HDL 9-1061] Parsing VHDL file "C:/Users/rfumeron/Desktop/VHDLQUOI/VHDLQUOI.srcs/sources_1/imports/new/gest_command.vhd" into library xil_defaultlib [C:/Users/rfumeron/Desktop/VHDLQUOI/VHDLQUOI.srcs/sources_1/imports/new/gest_command.vhd:1]
INFO: [HDL 9-1061] Parsing VHDL file "C:/Users/rfumeron/Desktop/VHDLQUOI/VHDLQUOI.srcs/sources_1/imports/new/gest_ennemis.vhd" into library xil_defaultlib [C:/Users/rfumeron/Desktop/VHDLQUOI/VHDLQUOI.srcs/sources_1/imports/new/gest_ennemis.vhd:1]
INFO: [HDL 9-1061] Parsing VHDL file "C:/Users/rfumeron/Desktop/VHDLQUOI/VHDLQUOI.srcs/sources_1/imports/new/gestion_tir.vhd" into library xil_defaultlib [C:/Users/rfumeron/Desktop/VHDLQUOI/VHDLQUOI.srcs/sources_1/imports/new/gestion_tir.vhd:1]
INFO: [HDL 9-1061] Parsing VHDL file "C:/Users/rfumeron/Desktop/VHDLQUOI/VHDLQUOI.srcs/sources_1/imports/new/impul_y.vhd" into library xil_defaultlib [C:/Users/rfumeron/Desktop/VHDLQUOI/VHDLQUOI.srcs/sources_1/imports/new/impul_y.vhd:1]
INFO: [HDL 9-1061] Parsing VHDL file "C:/Users/rfumeron/Desktop/VHDLQUOI/VHDLQUOI.srcs/sources_1/imports/new/mem_image.vhd" into library xil_defaultlib [C:/Users/rfumeron/Desktop/VHDLQUOI/VHDLQUOI.srcs/sources_1/imports/new/mem_image.vhd:1]
INFO: [HDL 9-1061] Parsing VHDL file "C:/Users/rfumeron/Desktop/VHDLQUOI/VHDLQUOI.srcs/sources_1/imports/new/memory_acess_image.vhd" into library xil_defaultlib [C:/Users/rfumeron/Desktop/VHDLQUOI/VHDLQUOI.srcs/sources_1/imports/new/memory_acess_image.vhd:1]
INFO: [HDL 9-1061] Parsing VHDL file "C:/Users/rfumeron/Desktop/VHDLQUOI/VHDLQUOI.srcs/sources_1/imports/new/memory_acess_matrix.vhd" into library xil_defaultlib [C:/Users/rfumeron/Desktop/VHDLQUOI/VHDLQUOI.srcs/sources_1/imports/new/memory_acess_matrix.vhd:1]
INFO: [HDL 9-1061] Parsing VHDL file "C:/Users/rfumeron/Desktop/VHDLQUOI/VHDLQUOI.srcs/sources_1/new/module_affichage.vhd" into library xil_defaultlib [C:/Users/rfumeron/Desktop/VHDLQUOI/VHDLQUOI.srcs/sources_1/new/module_affichage.vhd:1]
INFO: [HDL 9-1061] Parsing VHDL file "C:/Users/rfumeron/Desktop/VHDLQUOI/VHDLQUOI.srcs/sources_1/imports/new/mux_pixel.vhd" into library xil_defaultlib [C:/Users/rfumeron/Desktop/VHDLQUOI/VHDLQUOI.srcs/sources_1/imports/new/mux_pixel.vhd:1]
INFO: [HDL 9-1061] Parsing VHDL file "C:/Users/rfumeron/Desktop/VHDLQUOI/VHDLQUOI.srcs/sources_1/imports/new/test_charg_image.vhd" into library xil_defaultlib [C:/Users/rfumeron/Desktop/VHDLQUOI/VHDLQUOI.srcs/sources_1/imports/new/test_charg_image.vhd:1]
INFO: [HDL 9-1061] Parsing VHDL file "C:/Users/rfumeron/Desktop/VHDLQUOI/VHDLQUOI.srcs/sources_1/imports/new/top_module.vhd" into library xil_defaultlib [C:/Users/rfumeron/Desktop/VHDLQUOI/VHDLQUOI.srcs/sources_1/imports/new/top_module.vhd:1]
INFO: [HDL 9-1061] Parsing VHDL file "C:/Users/rfumeron/Desktop/VHDLQUOI/VHDLQUOI.srcs/sources_1/imports/new/vga_160_100.vhd" into library xil_defaultlib [C:/Users/rfumeron/Desktop/VHDLQUOI/VHDLQUOI.srcs/sources_1/imports/new/vga_160_100.vhd:1]
INFO: [HDL 9-1061] Parsing VHDL file "C:/Users/rfumeron/Desktop/VHDLQUOI/VHDLQUOI.srcs/sources_1/imports/new/vga_640_480.vhd" into library xil_defaultlib [C:/Users/rfumeron/Desktop/VHDLQUOI/VHDLQUOI.srcs/sources_1/imports/new/vga_640_480.vhd:1]
INFO: [HDL 9-1061] Parsing VHDL file "C:/Users/rfumeron/Desktop/VHDLQUOI/VHDLQUOI.srcs/sources_1/new/vga_bitmap_320x200.vhd" into library xil_defaultlib [C:/Users/rfumeron/Desktop/VHDLQUOI/VHDLQUOI.srcs/sources_1/new/vga_bitmap_320x200.vhd:1]
[Wed Dec 13 12:17:25 2017] Launched synth_1...
Run output will be captured here: C:/Users/rfumeron/Desktop/VHDLQUOI/VHDLQUOI.runs/synth_1/runme.log
reset_run synth_1
launch_runs synth_1
INFO: [HDL 9-1061] Parsing VHDL file "C:/Users/rfumeron/Desktop/VHDLQUOI/VHDLQUOI.srcs/sources_1/imports/new/acqui_mvt.vhd" into library xil_defaultlib [C:/Users/rfumeron/Desktop/VHDLQUOI/VHDLQUOI.srcs/sources_1/imports/new/acqui_mvt.vhd:1]
INFO: [HDL 9-1061] Parsing VHDL file "C:/Users/rfumeron/Desktop/VHDLQUOI/VHDLQUOI.srcs/sources_1/imports/new/alpha_canal.vhd" into library xil_defaultlib [C:/Users/rfumeron/Desktop/VHDLQUOI/VHDLQUOI.srcs/sources_1/imports/new/alpha_canal.vhd:1]
INFO: [HDL 9-1061] Parsing VHDL file "C:/Users/rfumeron/Desktop/VHDLQUOI/VHDLQUOI.srcs/sources_1/imports/new/charg_memoire.vhd" into library xil_defaultlib [C:/Users/rfumeron/Desktop/VHDLQUOI/VHDLQUOI.srcs/sources_1/imports/new/charg_memoire.vhd:1]
INFO: [HDL 9-1061] Parsing VHDL file "C:/Users/rfumeron/Desktop/VHDLQUOI/VHDLQUOI.srcs/sources_1/imports/new/clk_ennemis.vhd" into library xil_defaultlib [C:/Users/rfumeron/Desktop/VHDLQUOI/VHDLQUOI.srcs/sources_1/imports/new/clk_ennemis.vhd:1]
INFO: [HDL 9-1061] Parsing VHDL file "C:/Users/rfumeron/Desktop/VHDLQUOI/VHDLQUOI.srcs/sources_1/imports/new/clock_tir.vhd" into library xil_defaultlib [C:/Users/rfumeron/Desktop/VHDLQUOI/VHDLQUOI.srcs/sources_1/imports/new/clock_tir.vhd:1]
INFO: [HDL 9-1061] Parsing VHDL file "C:/Users/rfumeron/Desktop/VHDLQUOI/VHDLQUOI.srcs/sources_1/imports/new/cmp_addr.vhd" into library xil_defaultlib [C:/Users/rfumeron/Desktop/VHDLQUOI/VHDLQUOI.srcs/sources_1/imports/new/cmp_addr.vhd:1]
INFO: [HDL 9-1061] Parsing VHDL file "C:/Users/rfumeron/Desktop/VHDLQUOI/VHDLQUOI.srcs/sources_1/imports/new/cmp_x_y.vhd" into library xil_defaultlib [C:/Users/rfumeron/Desktop/VHDLQUOI/VHDLQUOI.srcs/sources_1/imports/new/cmp_x_y.vhd:1]
INFO: [HDL 9-1061] Parsing VHDL file "C:/Users/rfumeron/Desktop/VHDLQUOI/VHDLQUOI.srcs/sources_1/new/detect_pos.vhd" into library xil_defaultlib [C:/Users/rfumeron/Desktop/VHDLQUOI/VHDLQUOI.srcs/sources_1/new/detect_pos.vhd:1]
INFO: [HDL 9-1061] Parsing VHDL file "C:/Users/rfumeron/Desktop/VHDLQUOI/VHDLQUOI.srcs/sources_1/imports/new/gest_command.vhd" into library xil_defaultlib [C:/Users/rfumeron/Desktop/VHDLQUOI/VHDLQUOI.srcs/sources_1/imports/new/gest_command.vhd:1]
INFO: [HDL 9-1061] Parsing VHDL file "C:/Users/rfumeron/Desktop/VHDLQUOI/VHDLQUOI.srcs/sources_1/imports/new/gest_ennemis.vhd" into library xil_defaultlib [C:/Users/rfumeron/Desktop/VHDLQUOI/VHDLQUOI.srcs/sources_1/imports/new/gest_ennemis.vhd:1]
INFO: [HDL 9-1061] Parsing VHDL file "C:/Users/rfumeron/Desktop/VHDLQUOI/VHDLQUOI.srcs/sources_1/imports/new/gestion_tir.vhd" into library xil_defaultlib [C:/Users/rfumeron/Desktop/VHDLQUOI/VHDLQUOI.srcs/sources_1/imports/new/gestion_tir.vhd:1]
INFO: [HDL 9-1061] Parsing VHDL file "C:/Users/rfumeron/Desktop/VHDLQUOI/VHDLQUOI.srcs/sources_1/imports/new/impul_y.vhd" into library xil_defaultlib [C:/Users/rfumeron/Desktop/VHDLQUOI/VHDLQUOI.srcs/sources_1/imports/new/impul_y.vhd:1]
INFO: [HDL 9-1061] Parsing VHDL file "C:/Users/rfumeron/Desktop/VHDLQUOI/VHDLQUOI.srcs/sources_1/imports/new/mem_image.vhd" into library xil_defaultlib [C:/Users/rfumeron/Desktop/VHDLQUOI/VHDLQUOI.srcs/sources_1/imports/new/mem_image.vhd:1]
INFO: [HDL 9-1061] Parsing VHDL file "C:/Users/rfumeron/Desktop/VHDLQUOI/VHDLQUOI.srcs/sources_1/imports/new/memory_acess_image.vhd" into library xil_defaultlib [C:/Users/rfumeron/Desktop/VHDLQUOI/VHDLQUOI.srcs/sources_1/imports/new/memory_acess_image.vhd:1]
INFO: [HDL 9-1061] Parsing VHDL file "C:/Users/rfumeron/Desktop/VHDLQUOI/VHDLQUOI.srcs/sources_1/imports/new/memory_acess_matrix.vhd" into library xil_defaultlib [C:/Users/rfumeron/Desktop/VHDLQUOI/VHDLQUOI.srcs/sources_1/imports/new/memory_acess_matrix.vhd:1]
INFO: [HDL 9-1061] Parsing VHDL file "C:/Users/rfumeron/Desktop/VHDLQUOI/VHDLQUOI.srcs/sources_1/new/module_affichage.vhd" into library xil_defaultlib [C:/Users/rfumeron/Desktop/VHDLQUOI/VHDLQUOI.srcs/sources_1/new/module_affichage.vhd:1]
INFO: [HDL 9-1061] Parsing VHDL file "C:/Users/rfumeron/Desktop/VHDLQUOI/VHDLQUOI.srcs/sources_1/imports/new/mux_pixel.vhd" into library xil_defaultlib [C:/Users/rfumeron/Desktop/VHDLQUOI/VHDLQUOI.srcs/sources_1/imports/new/mux_pixel.vhd:1]
INFO: [HDL 9-1061] Parsing VHDL file "C:/Users/rfumeron/Desktop/VHDLQUOI/VHDLQUOI.srcs/sources_1/imports/new/test_charg_image.vhd" into library xil_defaultlib [C:/Users/rfumeron/Desktop/VHDLQUOI/VHDLQUOI.srcs/sources_1/imports/new/test_charg_image.vhd:1]
INFO: [HDL 9-1061] Parsing VHDL file "C:/Users/rfumeron/Desktop/VHDLQUOI/VHDLQUOI.srcs/sources_1/imports/new/top_module.vhd" into library xil_defaultlib [C:/Users/rfumeron/Desktop/VHDLQUOI/VHDLQUOI.srcs/sources_1/imports/new/top_module.vhd:1]
INFO: [HDL 9-1061] Parsing VHDL file "C:/Users/rfumeron/Desktop/VHDLQUOI/VHDLQUOI.srcs/sources_1/imports/new/vga_160_100.vhd" into library xil_defaultlib [C:/Users/rfumeron/Desktop/VHDLQUOI/VHDLQUOI.srcs/sources_1/imports/new/vga_160_100.vhd:1]
INFO: [HDL 9-1061] Parsing VHDL file "C:/Users/rfumeron/Desktop/VHDLQUOI/VHDLQUOI.srcs/sources_1/imports/new/vga_640_480.vhd" into library xil_defaultlib [C:/Users/rfumeron/Desktop/VHDLQUOI/VHDLQUOI.srcs/sources_1/imports/new/vga_640_480.vhd:1]
INFO: [HDL 9-1061] Parsing VHDL file "C:/Users/rfumeron/Desktop/VHDLQUOI/VHDLQUOI.srcs/sources_1/new/vga_bitmap_320x200.vhd" into library xil_defaultlib [C:/Users/rfumeron/Desktop/VHDLQUOI/VHDLQUOI.srcs/sources_1/new/vga_bitmap_320x200.vhd:1]
[Wed Dec 13 12:18:04 2017] Launched synth_1...
Run output will be captured here: C:/Users/rfumeron/Desktop/VHDLQUOI/VHDLQUOI.runs/synth_1/runme.log
reset_run synth_1
launch_runs synth_1
INFO: [HDL 9-1061] Parsing VHDL file "C:/Users/rfumeron/Desktop/VHDLQUOI/VHDLQUOI.srcs/sources_1/imports/new/acqui_mvt.vhd" into library xil_defaultlib [C:/Users/rfumeron/Desktop/VHDLQUOI/VHDLQUOI.srcs/sources_1/imports/new/acqui_mvt.vhd:1]
INFO: [HDL 9-1061] Parsing VHDL file "C:/Users/rfumeron/Desktop/VHDLQUOI/VHDLQUOI.srcs/sources_1/imports/new/alpha_canal.vhd" into library xil_defaultlib [C:/Users/rfumeron/Desktop/VHDLQUOI/VHDLQUOI.srcs/sources_1/imports/new/alpha_canal.vhd:1]
INFO: [HDL 9-1061] Parsing VHDL file "C:/Users/rfumeron/Desktop/VHDLQUOI/VHDLQUOI.srcs/sources_1/imports/new/charg_memoire.vhd" into library xil_defaultlib [C:/Users/rfumeron/Desktop/VHDLQUOI/VHDLQUOI.srcs/sources_1/imports/new/charg_memoire.vhd:1]
INFO: [HDL 9-1061] Parsing VHDL file "C:/Users/rfumeron/Desktop/VHDLQUOI/VHDLQUOI.srcs/sources_1/imports/new/clk_ennemis.vhd" into library xil_defaultlib [C:/Users/rfumeron/Desktop/VHDLQUOI/VHDLQUOI.srcs/sources_1/imports/new/clk_ennemis.vhd:1]
INFO: [HDL 9-1061] Parsing VHDL file "C:/Users/rfumeron/Desktop/VHDLQUOI/VHDLQUOI.srcs/sources_1/imports/new/clock_tir.vhd" into library xil_defaultlib [C:/Users/rfumeron/Desktop/VHDLQUOI/VHDLQUOI.srcs/sources_1/imports/new/clock_tir.vhd:1]
INFO: [HDL 9-1061] Parsing VHDL file "C:/Users/rfumeron/Desktop/VHDLQUOI/VHDLQUOI.srcs/sources_1/imports/new/cmp_addr.vhd" into library xil_defaultlib [C:/Users/rfumeron/Desktop/VHDLQUOI/VHDLQUOI.srcs/sources_1/imports/new/cmp_addr.vhd:1]
INFO: [HDL 9-1061] Parsing VHDL file "C:/Users/rfumeron/Desktop/VHDLQUOI/VHDLQUOI.srcs/sources_1/imports/new/cmp_x_y.vhd" into library xil_defaultlib [C:/Users/rfumeron/Desktop/VHDLQUOI/VHDLQUOI.srcs/sources_1/imports/new/cmp_x_y.vhd:1]
INFO: [HDL 9-1061] Parsing VHDL file "C:/Users/rfumeron/Desktop/VHDLQUOI/VHDLQUOI.srcs/sources_1/new/detect_pos.vhd" into library xil_defaultlib [C:/Users/rfumeron/Desktop/VHDLQUOI/VHDLQUOI.srcs/sources_1/new/detect_pos.vhd:1]
INFO: [HDL 9-1061] Parsing VHDL file "C:/Users/rfumeron/Desktop/VHDLQUOI/VHDLQUOI.srcs/sources_1/imports/new/gest_command.vhd" into library xil_defaultlib [C:/Users/rfumeron/Desktop/VHDLQUOI/VHDLQUOI.srcs/sources_1/imports/new/gest_command.vhd:1]
INFO: [HDL 9-1061] Parsing VHDL file "C:/Users/rfumeron/Desktop/VHDLQUOI/VHDLQUOI.srcs/sources_1/imports/new/gest_ennemis.vhd" into library xil_defaultlib [C:/Users/rfumeron/Desktop/VHDLQUOI/VHDLQUOI.srcs/sources_1/imports/new/gest_ennemis.vhd:1]
INFO: [HDL 9-1061] Parsing VHDL file "C:/Users/rfumeron/Desktop/VHDLQUOI/VHDLQUOI.srcs/sources_1/imports/new/gestion_tir.vhd" into library xil_defaultlib [C:/Users/rfumeron/Desktop/VHDLQUOI/VHDLQUOI.srcs/sources_1/imports/new/gestion_tir.vhd:1]
INFO: [HDL 9-1061] Parsing VHDL file "C:/Users/rfumeron/Desktop/VHDLQUOI/VHDLQUOI.srcs/sources_1/imports/new/impul_y.vhd" into library xil_defaultlib [C:/Users/rfumeron/Desktop/VHDLQUOI/VHDLQUOI.srcs/sources_1/imports/new/impul_y.vhd:1]
INFO: [HDL 9-1061] Parsing VHDL file "C:/Users/rfumeron/Desktop/VHDLQUOI/VHDLQUOI.srcs/sources_1/imports/new/mem_image.vhd" into library xil_defaultlib [C:/Users/rfumeron/Desktop/VHDLQUOI/VHDLQUOI.srcs/sources_1/imports/new/mem_image.vhd:1]
INFO: [HDL 9-1061] Parsing VHDL file "C:/Users/rfumeron/Desktop/VHDLQUOI/VHDLQUOI.srcs/sources_1/imports/new/memory_acess_image.vhd" into library xil_defaultlib [C:/Users/rfumeron/Desktop/VHDLQUOI/VHDLQUOI.srcs/sources_1/imports/new/memory_acess_image.vhd:1]
INFO: [HDL 9-1061] Parsing VHDL file "C:/Users/rfumeron/Desktop/VHDLQUOI/VHDLQUOI.srcs/sources_1/imports/new/memory_acess_matrix.vhd" into library xil_defaultlib [C:/Users/rfumeron/Desktop/VHDLQUOI/VHDLQUOI.srcs/sources_1/imports/new/memory_acess_matrix.vhd:1]
INFO: [HDL 9-1061] Parsing VHDL file "C:/Users/rfumeron/Desktop/VHDLQUOI/VHDLQUOI.srcs/sources_1/new/module_affichage.vhd" into library xil_defaultlib [C:/Users/rfumeron/Desktop/VHDLQUOI/VHDLQUOI.srcs/sources_1/new/module_affichage.vhd:1]
INFO: [HDL 9-1061] Parsing VHDL file "C:/Users/rfumeron/Desktop/VHDLQUOI/VHDLQUOI.srcs/sources_1/imports/new/mux_pixel.vhd" into library xil_defaultlib [C:/Users/rfumeron/Desktop/VHDLQUOI/VHDLQUOI.srcs/sources_1/imports/new/mux_pixel.vhd:1]
INFO: [HDL 9-1061] Parsing VHDL file "C:/Users/rfumeron/Desktop/VHDLQUOI/VHDLQUOI.srcs/sources_1/imports/new/test_charg_image.vhd" into library xil_defaultlib [C:/Users/rfumeron/Desktop/VHDLQUOI/VHDLQUOI.srcs/sources_1/imports/new/test_charg_image.vhd:1]
INFO: [HDL 9-1061] Parsing VHDL file "C:/Users/rfumeron/Desktop/VHDLQUOI/VHDLQUOI.srcs/sources_1/imports/new/top_module.vhd" into library xil_defaultlib [C:/Users/rfumeron/Desktop/VHDLQUOI/VHDLQUOI.srcs/sources_1/imports/new/top_module.vhd:1]
INFO: [HDL 9-1061] Parsing VHDL file "C:/Users/rfumeron/Desktop/VHDLQUOI/VHDLQUOI.srcs/sources_1/imports/new/vga_160_100.vhd" into library xil_defaultlib [C:/Users/rfumeron/Desktop/VHDLQUOI/VHDLQUOI.srcs/sources_1/imports/new/vga_160_100.vhd:1]
INFO: [HDL 9-1061] Parsing VHDL file "C:/Users/rfumeron/Desktop/VHDLQUOI/VHDLQUOI.srcs/sources_1/imports/new/vga_640_480.vhd" into library xil_defaultlib [C:/Users/rfumeron/Desktop/VHDLQUOI/VHDLQUOI.srcs/sources_1/imports/new/vga_640_480.vhd:1]
INFO: [HDL 9-1061] Parsing VHDL file "C:/Users/rfumeron/Desktop/VHDLQUOI/VHDLQUOI.srcs/sources_1/new/vga_bitmap_320x200.vhd" into library xil_defaultlib [C:/Users/rfumeron/Desktop/VHDLQUOI/VHDLQUOI.srcs/sources_1/new/vga_bitmap_320x200.vhd:1]
[Wed Dec 13 12:18:46 2017] Launched synth_1...
Run output will be captured here: C:/Users/rfumeron/Desktop/VHDLQUOI/VHDLQUOI.runs/synth_1/runme.log
reset_run synth_1
launch_runs synth_1
INFO: [HDL 9-1061] Parsing VHDL file "C:/Users/rfumeron/Desktop/VHDLQUOI/VHDLQUOI.srcs/sources_1/imports/new/acqui_mvt.vhd" into library xil_defaultlib [C:/Users/rfumeron/Desktop/VHDLQUOI/VHDLQUOI.srcs/sources_1/imports/new/acqui_mvt.vhd:1]
INFO: [HDL 9-1061] Parsing VHDL file "C:/Users/rfumeron/Desktop/VHDLQUOI/VHDLQUOI.srcs/sources_1/imports/new/alpha_canal.vhd" into library xil_defaultlib [C:/Users/rfumeron/Desktop/VHDLQUOI/VHDLQUOI.srcs/sources_1/imports/new/alpha_canal.vhd:1]
INFO: [HDL 9-1061] Parsing VHDL file "C:/Users/rfumeron/Desktop/VHDLQUOI/VHDLQUOI.srcs/sources_1/imports/new/charg_memoire.vhd" into library xil_defaultlib [C:/Users/rfumeron/Desktop/VHDLQUOI/VHDLQUOI.srcs/sources_1/imports/new/charg_memoire.vhd:1]
INFO: [HDL 9-1061] Parsing VHDL file "C:/Users/rfumeron/Desktop/VHDLQUOI/VHDLQUOI.srcs/sources_1/imports/new/clk_ennemis.vhd" into library xil_defaultlib [C:/Users/rfumeron/Desktop/VHDLQUOI/VHDLQUOI.srcs/sources_1/imports/new/clk_ennemis.vhd:1]
INFO: [HDL 9-1061] Parsing VHDL file "C:/Users/rfumeron/Desktop/VHDLQUOI/VHDLQUOI.srcs/sources_1/imports/new/clock_tir.vhd" into library xil_defaultlib [C:/Users/rfumeron/Desktop/VHDLQUOI/VHDLQUOI.srcs/sources_1/imports/new/clock_tir.vhd:1]
INFO: [HDL 9-1061] Parsing VHDL file "C:/Users/rfumeron/Desktop/VHDLQUOI/VHDLQUOI.srcs/sources_1/imports/new/cmp_addr.vhd" into library xil_defaultlib [C:/Users/rfumeron/Desktop/VHDLQUOI/VHDLQUOI.srcs/sources_1/imports/new/cmp_addr.vhd:1]
INFO: [HDL 9-1061] Parsing VHDL file "C:/Users/rfumeron/Desktop/VHDLQUOI/VHDLQUOI.srcs/sources_1/imports/new/cmp_x_y.vhd" into library xil_defaultlib [C:/Users/rfumeron/Desktop/VHDLQUOI/VHDLQUOI.srcs/sources_1/imports/new/cmp_x_y.vhd:1]
INFO: [HDL 9-1061] Parsing VHDL file "C:/Users/rfumeron/Desktop/VHDLQUOI/VHDLQUOI.srcs/sources_1/new/detect_pos.vhd" into library xil_defaultlib [C:/Users/rfumeron/Desktop/VHDLQUOI/VHDLQUOI.srcs/sources_1/new/detect_pos.vhd:1]
INFO: [HDL 9-1061] Parsing VHDL file "C:/Users/rfumeron/Desktop/VHDLQUOI/VHDLQUOI.srcs/sources_1/imports/new/gest_command.vhd" into library xil_defaultlib [C:/Users/rfumeron/Desktop/VHDLQUOI/VHDLQUOI.srcs/sources_1/imports/new/gest_command.vhd:1]
INFO: [HDL 9-1061] Parsing VHDL file "C:/Users/rfumeron/Desktop/VHDLQUOI/VHDLQUOI.srcs/sources_1/imports/new/gest_ennemis.vhd" into library xil_defaultlib [C:/Users/rfumeron/Desktop/VHDLQUOI/VHDLQUOI.srcs/sources_1/imports/new/gest_ennemis.vhd:1]
INFO: [HDL 9-1061] Parsing VHDL file "C:/Users/rfumeron/Desktop/VHDLQUOI/VHDLQUOI.srcs/sources_1/imports/new/gestion_tir.vhd" into library xil_defaultlib [C:/Users/rfumeron/Desktop/VHDLQUOI/VHDLQUOI.srcs/sources_1/imports/new/gestion_tir.vhd:1]
INFO: [HDL 9-1061] Parsing VHDL file "C:/Users/rfumeron/Desktop/VHDLQUOI/VHDLQUOI.srcs/sources_1/imports/new/impul_y.vhd" into library xil_defaultlib [C:/Users/rfumeron/Desktop/VHDLQUOI/VHDLQUOI.srcs/sources_1/imports/new/impul_y.vhd:1]
INFO: [HDL 9-1061] Parsing VHDL file "C:/Users/rfumeron/Desktop/VHDLQUOI/VHDLQUOI.srcs/sources_1/imports/new/mem_image.vhd" into library xil_defaultlib [C:/Users/rfumeron/Desktop/VHDLQUOI/VHDLQUOI.srcs/sources_1/imports/new/mem_image.vhd:1]
INFO: [HDL 9-1061] Parsing VHDL file "C:/Users/rfumeron/Desktop/VHDLQUOI/VHDLQUOI.srcs/sources_1/imports/new/memory_acess_image.vhd" into library xil_defaultlib [C:/Users/rfumeron/Desktop/VHDLQUOI/VHDLQUOI.srcs/sources_1/imports/new/memory_acess_image.vhd:1]
INFO: [HDL 9-1061] Parsing VHDL file "C:/Users/rfumeron/Desktop/VHDLQUOI/VHDLQUOI.srcs/sources_1/imports/new/memory_acess_matrix.vhd" into library xil_defaultlib [C:/Users/rfumeron/Desktop/VHDLQUOI/VHDLQUOI.srcs/sources_1/imports/new/memory_acess_matrix.vhd:1]
INFO: [HDL 9-1061] Parsing VHDL file "C:/Users/rfumeron/Desktop/VHDLQUOI/VHDLQUOI.srcs/sources_1/new/module_affichage.vhd" into library xil_defaultlib [C:/Users/rfumeron/Desktop/VHDLQUOI/VHDLQUOI.srcs/sources_1/new/module_affichage.vhd:1]
INFO: [HDL 9-1061] Parsing VHDL file "C:/Users/rfumeron/Desktop/VHDLQUOI/VHDLQUOI.srcs/sources_1/imports/new/mux_pixel.vhd" into library xil_defaultlib [C:/Users/rfumeron/Desktop/VHDLQUOI/VHDLQUOI.srcs/sources_1/imports/new/mux_pixel.vhd:1]
INFO: [HDL 9-1061] Parsing VHDL file "C:/Users/rfumeron/Desktop/VHDLQUOI/VHDLQUOI.srcs/sources_1/imports/new/test_charg_image.vhd" into library xil_defaultlib [C:/Users/rfumeron/Desktop/VHDLQUOI/VHDLQUOI.srcs/sources_1/imports/new/test_charg_image.vhd:1]
INFO: [HDL 9-1061] Parsing VHDL file "C:/Users/rfumeron/Desktop/VHDLQUOI/VHDLQUOI.srcs/sources_1/imports/new/top_module.vhd" into library xil_defaultlib [C:/Users/rfumeron/Desktop/VHDLQUOI/VHDLQUOI.srcs/sources_1/imports/new/top_module.vhd:1]
INFO: [HDL 9-1061] Parsing VHDL file "C:/Users/rfumeron/Desktop/VHDLQUOI/VHDLQUOI.srcs/sources_1/imports/new/vga_160_100.vhd" into library xil_defaultlib [C:/Users/rfumeron/Desktop/VHDLQUOI/VHDLQUOI.srcs/sources_1/imports/new/vga_160_100.vhd:1]
INFO: [HDL 9-1061] Parsing VHDL file "C:/Users/rfumeron/Desktop/VHDLQUOI/VHDLQUOI.srcs/sources_1/imports/new/vga_640_480.vhd" into library xil_defaultlib [C:/Users/rfumeron/Desktop/VHDLQUOI/VHDLQUOI.srcs/sources_1/imports/new/vga_640_480.vhd:1]
INFO: [HDL 9-1061] Parsing VHDL file "C:/Users/rfumeron/Desktop/VHDLQUOI/VHDLQUOI.srcs/sources_1/new/vga_bitmap_320x200.vhd" into library xil_defaultlib [C:/Users/rfumeron/Desktop/VHDLQUOI/VHDLQUOI.srcs/sources_1/new/vga_bitmap_320x200.vhd:1]
[Wed Dec 13 12:19:52 2017] Launched synth_1...
Run output will be captured here: C:/Users/rfumeron/Desktop/VHDLQUOI/VHDLQUOI.runs/synth_1/runme.log
reset_run synth_1
launch_runs synth_1
INFO: [HDL 9-1061] Parsing VHDL file "C:/Users/rfumeron/Desktop/VHDLQUOI/VHDLQUOI.srcs/sources_1/imports/new/acqui_mvt.vhd" into library xil_defaultlib [C:/Users/rfumeron/Desktop/VHDLQUOI/VHDLQUOI.srcs/sources_1/imports/new/acqui_mvt.vhd:1]
INFO: [HDL 9-1061] Parsing VHDL file "C:/Users/rfumeron/Desktop/VHDLQUOI/VHDLQUOI.srcs/sources_1/imports/new/alpha_canal.vhd" into library xil_defaultlib [C:/Users/rfumeron/Desktop/VHDLQUOI/VHDLQUOI.srcs/sources_1/imports/new/alpha_canal.vhd:1]
INFO: [HDL 9-1061] Parsing VHDL file "C:/Users/rfumeron/Desktop/VHDLQUOI/VHDLQUOI.srcs/sources_1/imports/new/charg_memoire.vhd" into library xil_defaultlib [C:/Users/rfumeron/Desktop/VHDLQUOI/VHDLQUOI.srcs/sources_1/imports/new/charg_memoire.vhd:1]
INFO: [HDL 9-1061] Parsing VHDL file "C:/Users/rfumeron/Desktop/VHDLQUOI/VHDLQUOI.srcs/sources_1/imports/new/clk_ennemis.vhd" into library xil_defaultlib [C:/Users/rfumeron/Desktop/VHDLQUOI/VHDLQUOI.srcs/sources_1/imports/new/clk_ennemis.vhd:1]
INFO: [HDL 9-1061] Parsing VHDL file "C:/Users/rfumeron/Desktop/VHDLQUOI/VHDLQUOI.srcs/sources_1/imports/new/clock_tir.vhd" into library xil_defaultlib [C:/Users/rfumeron/Desktop/VHDLQUOI/VHDLQUOI.srcs/sources_1/imports/new/clock_tir.vhd:1]
INFO: [HDL 9-1061] Parsing VHDL file "C:/Users/rfumeron/Desktop/VHDLQUOI/VHDLQUOI.srcs/sources_1/imports/new/cmp_addr.vhd" into library xil_defaultlib [C:/Users/rfumeron/Desktop/VHDLQUOI/VHDLQUOI.srcs/sources_1/imports/new/cmp_addr.vhd:1]
INFO: [HDL 9-1061] Parsing VHDL file "C:/Users/rfumeron/Desktop/VHDLQUOI/VHDLQUOI.srcs/sources_1/imports/new/cmp_x_y.vhd" into library xil_defaultlib [C:/Users/rfumeron/Desktop/VHDLQUOI/VHDLQUOI.srcs/sources_1/imports/new/cmp_x_y.vhd:1]
INFO: [HDL 9-1061] Parsing VHDL file "C:/Users/rfumeron/Desktop/VHDLQUOI/VHDLQUOI.srcs/sources_1/new/detect_pos.vhd" into library xil_defaultlib [C:/Users/rfumeron/Desktop/VHDLQUOI/VHDLQUOI.srcs/sources_1/new/detect_pos.vhd:1]
INFO: [HDL 9-1061] Parsing VHDL file "C:/Users/rfumeron/Desktop/VHDLQUOI/VHDLQUOI.srcs/sources_1/imports/new/gest_command.vhd" into library xil_defaultlib [C:/Users/rfumeron/Desktop/VHDLQUOI/VHDLQUOI.srcs/sources_1/imports/new/gest_command.vhd:1]
INFO: [HDL 9-1061] Parsing VHDL file "C:/Users/rfumeron/Desktop/VHDLQUOI/VHDLQUOI.srcs/sources_1/imports/new/gest_ennemis.vhd" into library xil_defaultlib [C:/Users/rfumeron/Desktop/VHDLQUOI/VHDLQUOI.srcs/sources_1/imports/new/gest_ennemis.vhd:1]
INFO: [HDL 9-1061] Parsing VHDL file "C:/Users/rfumeron/Desktop/VHDLQUOI/VHDLQUOI.srcs/sources_1/imports/new/gestion_tir.vhd" into library xil_defaultlib [C:/Users/rfumeron/Desktop/VHDLQUOI/VHDLQUOI.srcs/sources_1/imports/new/gestion_tir.vhd:1]
INFO: [HDL 9-1061] Parsing VHDL file "C:/Users/rfumeron/Desktop/VHDLQUOI/VHDLQUOI.srcs/sources_1/imports/new/impul_y.vhd" into library xil_defaultlib [C:/Users/rfumeron/Desktop/VHDLQUOI/VHDLQUOI.srcs/sources_1/imports/new/impul_y.vhd:1]
INFO: [HDL 9-1061] Parsing VHDL file "C:/Users/rfumeron/Desktop/VHDLQUOI/VHDLQUOI.srcs/sources_1/imports/new/mem_image.vhd" into library xil_defaultlib [C:/Users/rfumeron/Desktop/VHDLQUOI/VHDLQUOI.srcs/sources_1/imports/new/mem_image.vhd:1]
INFO: [HDL 9-1061] Parsing VHDL file "C:/Users/rfumeron/Desktop/VHDLQUOI/VHDLQUOI.srcs/sources_1/imports/new/memory_acess_image.vhd" into library xil_defaultlib [C:/Users/rfumeron/Desktop/VHDLQUOI/VHDLQUOI.srcs/sources_1/imports/new/memory_acess_image.vhd:1]
INFO: [HDL 9-1061] Parsing VHDL file "C:/Users/rfumeron/Desktop/VHDLQUOI/VHDLQUOI.srcs/sources_1/imports/new/memory_acess_matrix.vhd" into library xil_defaultlib [C:/Users/rfumeron/Desktop/VHDLQUOI/VHDLQUOI.srcs/sources_1/imports/new/memory_acess_matrix.vhd:1]
INFO: [HDL 9-1061] Parsing VHDL file "C:/Users/rfumeron/Desktop/VHDLQUOI/VHDLQUOI.srcs/sources_1/new/module_affichage.vhd" into library xil_defaultlib [C:/Users/rfumeron/Desktop/VHDLQUOI/VHDLQUOI.srcs/sources_1/new/module_affichage.vhd:1]
INFO: [HDL 9-1061] Parsing VHDL file "C:/Users/rfumeron/Desktop/VHDLQUOI/VHDLQUOI.srcs/sources_1/imports/new/mux_pixel.vhd" into library xil_defaultlib [C:/Users/rfumeron/Desktop/VHDLQUOI/VHDLQUOI.srcs/sources_1/imports/new/mux_pixel.vhd:1]
INFO: [HDL 9-1061] Parsing VHDL file "C:/Users/rfumeron/Desktop/VHDLQUOI/VHDLQUOI.srcs/sources_1/imports/new/test_charg_image.vhd" into library xil_defaultlib [C:/Users/rfumeron/Desktop/VHDLQUOI/VHDLQUOI.srcs/sources_1/imports/new/test_charg_image.vhd:1]
INFO: [HDL 9-1061] Parsing VHDL file "C:/Users/rfumeron/Desktop/VHDLQUOI/VHDLQUOI.srcs/sources_1/imports/new/top_module.vhd" into library xil_defaultlib [C:/Users/rfumeron/Desktop/VHDLQUOI/VHDLQUOI.srcs/sources_1/imports/new/top_module.vhd:1]
INFO: [HDL 9-1061] Parsing VHDL file "C:/Users/rfumeron/Desktop/VHDLQUOI/VHDLQUOI.srcs/sources_1/imports/new/vga_160_100.vhd" into library xil_defaultlib [C:/Users/rfumeron/Desktop/VHDLQUOI/VHDLQUOI.srcs/sources_1/imports/new/vga_160_100.vhd:1]
INFO: [HDL 9-1061] Parsing VHDL file "C:/Users/rfumeron/Desktop/VHDLQUOI/VHDLQUOI.srcs/sources_1/imports/new/vga_640_480.vhd" into library xil_defaultlib [C:/Users/rfumeron/Desktop/VHDLQUOI/VHDLQUOI.srcs/sources_1/imports/new/vga_640_480.vhd:1]
INFO: [HDL 9-1061] Parsing VHDL file "C:/Users/rfumeron/Desktop/VHDLQUOI/VHDLQUOI.srcs/sources_1/new/vga_bitmap_320x200.vhd" into library xil_defaultlib [C:/Users/rfumeron/Desktop/VHDLQUOI/VHDLQUOI.srcs/sources_1/new/vga_bitmap_320x200.vhd:1]
[Wed Dec 13 12:20:50 2017] Launched synth_1...
Run output will be captured here: C:/Users/rfumeron/Desktop/VHDLQUOI/VHDLQUOI.runs/synth_1/runme.log
reset_run synth_1
launch_runs synth_1
INFO: [HDL 9-1061] Parsing VHDL file "C:/Users/rfumeron/Desktop/VHDLQUOI/VHDLQUOI.srcs/sources_1/imports/new/acqui_mvt.vhd" into library xil_defaultlib [C:/Users/rfumeron/Desktop/VHDLQUOI/VHDLQUOI.srcs/sources_1/imports/new/acqui_mvt.vhd:1]
INFO: [HDL 9-1061] Parsing VHDL file "C:/Users/rfumeron/Desktop/VHDLQUOI/VHDLQUOI.srcs/sources_1/imports/new/alpha_canal.vhd" into library xil_defaultlib [C:/Users/rfumeron/Desktop/VHDLQUOI/VHDLQUOI.srcs/sources_1/imports/new/alpha_canal.vhd:1]
INFO: [HDL 9-1061] Parsing VHDL file "C:/Users/rfumeron/Desktop/VHDLQUOI/VHDLQUOI.srcs/sources_1/imports/new/charg_memoire.vhd" into library xil_defaultlib [C:/Users/rfumeron/Desktop/VHDLQUOI/VHDLQUOI.srcs/sources_1/imports/new/charg_memoire.vhd:1]
INFO: [HDL 9-1061] Parsing VHDL file "C:/Users/rfumeron/Desktop/VHDLQUOI/VHDLQUOI.srcs/sources_1/imports/new/clk_ennemis.vhd" into library xil_defaultlib [C:/Users/rfumeron/Desktop/VHDLQUOI/VHDLQUOI.srcs/sources_1/imports/new/clk_ennemis.vhd:1]
INFO: [HDL 9-1061] Parsing VHDL file "C:/Users/rfumeron/Desktop/VHDLQUOI/VHDLQUOI.srcs/sources_1/imports/new/clock_tir.vhd" into library xil_defaultlib [C:/Users/rfumeron/Desktop/VHDLQUOI/VHDLQUOI.srcs/sources_1/imports/new/clock_tir.vhd:1]
INFO: [HDL 9-1061] Parsing VHDL file "C:/Users/rfumeron/Desktop/VHDLQUOI/VHDLQUOI.srcs/sources_1/imports/new/cmp_addr.vhd" into library xil_defaultlib [C:/Users/rfumeron/Desktop/VHDLQUOI/VHDLQUOI.srcs/sources_1/imports/new/cmp_addr.vhd:1]
INFO: [HDL 9-1061] Parsing VHDL file "C:/Users/rfumeron/Desktop/VHDLQUOI/VHDLQUOI.srcs/sources_1/imports/new/cmp_x_y.vhd" into library xil_defaultlib [C:/Users/rfumeron/Desktop/VHDLQUOI/VHDLQUOI.srcs/sources_1/imports/new/cmp_x_y.vhd:1]
INFO: [HDL 9-1061] Parsing VHDL file "C:/Users/rfumeron/Desktop/VHDLQUOI/VHDLQUOI.srcs/sources_1/new/detect_pos.vhd" into library xil_defaultlib [C:/Users/rfumeron/Desktop/VHDLQUOI/VHDLQUOI.srcs/sources_1/new/detect_pos.vhd:1]
INFO: [HDL 9-1061] Parsing VHDL file "C:/Users/rfumeron/Desktop/VHDLQUOI/VHDLQUOI.srcs/sources_1/imports/new/gest_command.vhd" into library xil_defaultlib [C:/Users/rfumeron/Desktop/VHDLQUOI/VHDLQUOI.srcs/sources_1/imports/new/gest_command.vhd:1]
INFO: [HDL 9-1061] Parsing VHDL file "C:/Users/rfumeron/Desktop/VHDLQUOI/VHDLQUOI.srcs/sources_1/imports/new/gest_ennemis.vhd" into library xil_defaultlib [C:/Users/rfumeron/Desktop/VHDLQUOI/VHDLQUOI.srcs/sources_1/imports/new/gest_ennemis.vhd:1]
INFO: [HDL 9-1061] Parsing VHDL file "C:/Users/rfumeron/Desktop/VHDLQUOI/VHDLQUOI.srcs/sources_1/imports/new/gestion_tir.vhd" into library xil_defaultlib [C:/Users/rfumeron/Desktop/VHDLQUOI/VHDLQUOI.srcs/sources_1/imports/new/gestion_tir.vhd:1]
INFO: [HDL 9-1061] Parsing VHDL file "C:/Users/rfumeron/Desktop/VHDLQUOI/VHDLQUOI.srcs/sources_1/imports/new/impul_y.vhd" into library xil_defaultlib [C:/Users/rfumeron/Desktop/VHDLQUOI/VHDLQUOI.srcs/sources_1/imports/new/impul_y.vhd:1]
INFO: [HDL 9-1061] Parsing VHDL file "C:/Users/rfumeron/Desktop/VHDLQUOI/VHDLQUOI.srcs/sources_1/imports/new/mem_image.vhd" into library xil_defaultlib [C:/Users/rfumeron/Desktop/VHDLQUOI/VHDLQUOI.srcs/sources_1/imports/new/mem_image.vhd:1]
INFO: [HDL 9-1061] Parsing VHDL file "C:/Users/rfumeron/Desktop/VHDLQUOI/VHDLQUOI.srcs/sources_1/imports/new/memory_acess_image.vhd" into library xil_defaultlib [C:/Users/rfumeron/Desktop/VHDLQUOI/VHDLQUOI.srcs/sources_1/imports/new/memory_acess_image.vhd:1]
INFO: [HDL 9-1061] Parsing VHDL file "C:/Users/rfumeron/Desktop/VHDLQUOI/VHDLQUOI.srcs/sources_1/imports/new/memory_acess_matrix.vhd" into library xil_defaultlib [C:/Users/rfumeron/Desktop/VHDLQUOI/VHDLQUOI.srcs/sources_1/imports/new/memory_acess_matrix.vhd:1]
INFO: [HDL 9-1061] Parsing VHDL file "C:/Users/rfumeron/Desktop/VHDLQUOI/VHDLQUOI.srcs/sources_1/new/module_affichage.vhd" into library xil_defaultlib [C:/Users/rfumeron/Desktop/VHDLQUOI/VHDLQUOI.srcs/sources_1/new/module_affichage.vhd:1]
INFO: [HDL 9-1061] Parsing VHDL file "C:/Users/rfumeron/Desktop/VHDLQUOI/VHDLQUOI.srcs/sources_1/imports/new/mux_pixel.vhd" into library xil_defaultlib [C:/Users/rfumeron/Desktop/VHDLQUOI/VHDLQUOI.srcs/sources_1/imports/new/mux_pixel.vhd:1]
INFO: [HDL 9-1061] Parsing VHDL file "C:/Users/rfumeron/Desktop/VHDLQUOI/VHDLQUOI.srcs/sources_1/imports/new/test_charg_image.vhd" into library xil_defaultlib [C:/Users/rfumeron/Desktop/VHDLQUOI/VHDLQUOI.srcs/sources_1/imports/new/test_charg_image.vhd:1]
INFO: [HDL 9-1061] Parsing VHDL file "C:/Users/rfumeron/Desktop/VHDLQUOI/VHDLQUOI.srcs/sources_1/imports/new/top_module.vhd" into library xil_defaultlib [C:/Users/rfumeron/Desktop/VHDLQUOI/VHDLQUOI.srcs/sources_1/imports/new/top_module.vhd:1]
INFO: [HDL 9-1061] Parsing VHDL file "C:/Users/rfumeron/Desktop/VHDLQUOI/VHDLQUOI.srcs/sources_1/imports/new/vga_160_100.vhd" into library xil_defaultlib [C:/Users/rfumeron/Desktop/VHDLQUOI/VHDLQUOI.srcs/sources_1/imports/new/vga_160_100.vhd:1]
INFO: [HDL 9-1061] Parsing VHDL file "C:/Users/rfumeron/Desktop/VHDLQUOI/VHDLQUOI.srcs/sources_1/imports/new/vga_640_480.vhd" into library xil_defaultlib [C:/Users/rfumeron/Desktop/VHDLQUOI/VHDLQUOI.srcs/sources_1/imports/new/vga_640_480.vhd:1]
INFO: [HDL 9-1061] Parsing VHDL file "C:/Users/rfumeron/Desktop/VHDLQUOI/VHDLQUOI.srcs/sources_1/new/vga_bitmap_320x200.vhd" into library xil_defaultlib [C:/Users/rfumeron/Desktop/VHDLQUOI/VHDLQUOI.srcs/sources_1/new/vga_bitmap_320x200.vhd:1]
[Wed Dec 13 12:22:26 2017] Launched synth_1...
Run output will be captured here: C:/Users/rfumeron/Desktop/VHDLQUOI/VHDLQUOI.runs/synth_1/runme.log
reset_run synth_1
launch_runs synth_1
INFO: [HDL 9-1061] Parsing VHDL file "C:/Users/rfumeron/Desktop/VHDLQUOI/VHDLQUOI.srcs/sources_1/imports/new/acqui_mvt.vhd" into library xil_defaultlib [C:/Users/rfumeron/Desktop/VHDLQUOI/VHDLQUOI.srcs/sources_1/imports/new/acqui_mvt.vhd:1]
INFO: [HDL 9-1061] Parsing VHDL file "C:/Users/rfumeron/Desktop/VHDLQUOI/VHDLQUOI.srcs/sources_1/imports/new/alpha_canal.vhd" into library xil_defaultlib [C:/Users/rfumeron/Desktop/VHDLQUOI/VHDLQUOI.srcs/sources_1/imports/new/alpha_canal.vhd:1]
INFO: [HDL 9-1061] Parsing VHDL file "C:/Users/rfumeron/Desktop/VHDLQUOI/VHDLQUOI.srcs/sources_1/imports/new/charg_memoire.vhd" into library xil_defaultlib [C:/Users/rfumeron/Desktop/VHDLQUOI/VHDLQUOI.srcs/sources_1/imports/new/charg_memoire.vhd:1]
INFO: [HDL 9-1061] Parsing VHDL file "C:/Users/rfumeron/Desktop/VHDLQUOI/VHDLQUOI.srcs/sources_1/imports/new/clk_ennemis.vhd" into library xil_defaultlib [C:/Users/rfumeron/Desktop/VHDLQUOI/VHDLQUOI.srcs/sources_1/imports/new/clk_ennemis.vhd:1]
INFO: [HDL 9-1061] Parsing VHDL file "C:/Users/rfumeron/Desktop/VHDLQUOI/VHDLQUOI.srcs/sources_1/imports/new/clock_tir.vhd" into library xil_defaultlib [C:/Users/rfumeron/Desktop/VHDLQUOI/VHDLQUOI.srcs/sources_1/imports/new/clock_tir.vhd:1]
INFO: [HDL 9-1061] Parsing VHDL file "C:/Users/rfumeron/Desktop/VHDLQUOI/VHDLQUOI.srcs/sources_1/imports/new/cmp_addr.vhd" into library xil_defaultlib [C:/Users/rfumeron/Desktop/VHDLQUOI/VHDLQUOI.srcs/sources_1/imports/new/cmp_addr.vhd:1]
INFO: [HDL 9-1061] Parsing VHDL file "C:/Users/rfumeron/Desktop/VHDLQUOI/VHDLQUOI.srcs/sources_1/imports/new/cmp_x_y.vhd" into library xil_defaultlib [C:/Users/rfumeron/Desktop/VHDLQUOI/VHDLQUOI.srcs/sources_1/imports/new/cmp_x_y.vhd:1]
INFO: [HDL 9-1061] Parsing VHDL file "C:/Users/rfumeron/Desktop/VHDLQUOI/VHDLQUOI.srcs/sources_1/new/detect_pos.vhd" into library xil_defaultlib [C:/Users/rfumeron/Desktop/VHDLQUOI/VHDLQUOI.srcs/sources_1/new/detect_pos.vhd:1]
INFO: [HDL 9-1061] Parsing VHDL file "C:/Users/rfumeron/Desktop/VHDLQUOI/VHDLQUOI.srcs/sources_1/imports/new/gest_command.vhd" into library xil_defaultlib [C:/Users/rfumeron/Desktop/VHDLQUOI/VHDLQUOI.srcs/sources_1/imports/new/gest_command.vhd:1]
INFO: [HDL 9-1061] Parsing VHDL file "C:/Users/rfumeron/Desktop/VHDLQUOI/VHDLQUOI.srcs/sources_1/imports/new/gest_ennemis.vhd" into library xil_defaultlib [C:/Users/rfumeron/Desktop/VHDLQUOI/VHDLQUOI.srcs/sources_1/imports/new/gest_ennemis.vhd:1]
INFO: [HDL 9-1061] Parsing VHDL file "C:/Users/rfumeron/Desktop/VHDLQUOI/VHDLQUOI.srcs/sources_1/imports/new/gestion_tir.vhd" into library xil_defaultlib [C:/Users/rfumeron/Desktop/VHDLQUOI/VHDLQUOI.srcs/sources_1/imports/new/gestion_tir.vhd:1]
INFO: [HDL 9-1061] Parsing VHDL file "C:/Users/rfumeron/Desktop/VHDLQUOI/VHDLQUOI.srcs/sources_1/imports/new/impul_y.vhd" into library xil_defaultlib [C:/Users/rfumeron/Desktop/VHDLQUOI/VHDLQUOI.srcs/sources_1/imports/new/impul_y.vhd:1]
INFO: [HDL 9-1061] Parsing VHDL file "C:/Users/rfumeron/Desktop/VHDLQUOI/VHDLQUOI.srcs/sources_1/imports/new/mem_image.vhd" into library xil_defaultlib [C:/Users/rfumeron/Desktop/VHDLQUOI/VHDLQUOI.srcs/sources_1/imports/new/mem_image.vhd:1]
INFO: [HDL 9-1061] Parsing VHDL file "C:/Users/rfumeron/Desktop/VHDLQUOI/VHDLQUOI.srcs/sources_1/imports/new/memory_acess_image.vhd" into library xil_defaultlib [C:/Users/rfumeron/Desktop/VHDLQUOI/VHDLQUOI.srcs/sources_1/imports/new/memory_acess_image.vhd:1]
INFO: [HDL 9-1061] Parsing VHDL file "C:/Users/rfumeron/Desktop/VHDLQUOI/VHDLQUOI.srcs/sources_1/imports/new/memory_acess_matrix.vhd" into library xil_defaultlib [C:/Users/rfumeron/Desktop/VHDLQUOI/VHDLQUOI.srcs/sources_1/imports/new/memory_acess_matrix.vhd:1]
INFO: [HDL 9-1061] Parsing VHDL file "C:/Users/rfumeron/Desktop/VHDLQUOI/VHDLQUOI.srcs/sources_1/new/module_affichage.vhd" into library xil_defaultlib [C:/Users/rfumeron/Desktop/VHDLQUOI/VHDLQUOI.srcs/sources_1/new/module_affichage.vhd:1]
INFO: [HDL 9-1061] Parsing VHDL file "C:/Users/rfumeron/Desktop/VHDLQUOI/VHDLQUOI.srcs/sources_1/imports/new/mux_pixel.vhd" into library xil_defaultlib [C:/Users/rfumeron/Desktop/VHDLQUOI/VHDLQUOI.srcs/sources_1/imports/new/mux_pixel.vhd:1]
INFO: [HDL 9-1061] Parsing VHDL file "C:/Users/rfumeron/Desktop/VHDLQUOI/VHDLQUOI.srcs/sources_1/imports/new/test_charg_image.vhd" into library xil_defaultlib [C:/Users/rfumeron/Desktop/VHDLQUOI/VHDLQUOI.srcs/sources_1/imports/new/test_charg_image.vhd:1]
INFO: [HDL 9-1061] Parsing VHDL file "C:/Users/rfumeron/Desktop/VHDLQUOI/VHDLQUOI.srcs/sources_1/imports/new/top_module.vhd" into library xil_defaultlib [C:/Users/rfumeron/Desktop/VHDLQUOI/VHDLQUOI.srcs/sources_1/imports/new/top_module.vhd:1]
INFO: [HDL 9-1061] Parsing VHDL file "C:/Users/rfumeron/Desktop/VHDLQUOI/VHDLQUOI.srcs/sources_1/imports/new/vga_160_100.vhd" into library xil_defaultlib [C:/Users/rfumeron/Desktop/VHDLQUOI/VHDLQUOI.srcs/sources_1/imports/new/vga_160_100.vhd:1]
INFO: [HDL 9-1061] Parsing VHDL file "C:/Users/rfumeron/Desktop/VHDLQUOI/VHDLQUOI.srcs/sources_1/imports/new/vga_640_480.vhd" into library xil_defaultlib [C:/Users/rfumeron/Desktop/VHDLQUOI/VHDLQUOI.srcs/sources_1/imports/new/vga_640_480.vhd:1]
INFO: [HDL 9-1061] Parsing VHDL file "C:/Users/rfumeron/Desktop/VHDLQUOI/VHDLQUOI.srcs/sources_1/new/vga_bitmap_320x200.vhd" into library xil_defaultlib [C:/Users/rfumeron/Desktop/VHDLQUOI/VHDLQUOI.srcs/sources_1/new/vga_bitmap_320x200.vhd:1]
[Wed Dec 13 12:22:56 2017] Launched synth_1...
Run output will be captured here: C:/Users/rfumeron/Desktop/VHDLQUOI/VHDLQUOI.runs/synth_1/runme.log
exit
INFO: [Common 17-206] Exiting Vivado at Wed Dec 13 12:23:27 2017...
