Exception at PC 0x000007FEFD1EA06D
Exception at PC 0x000007FEFD1EA06D
Exception at PC 0x000007FEFD1EA06D
Exception at PC 0x000007FEFD1EA06D
Exception at PC 0x000007FE9BE6E132
Attemped to write at address 0x000007FECE2E4AA4
Printing stacktrace...

[0]  [0x000007FE9BE6E132]
[1]  [0x000007FE9BE6E132]
[2]  [0x000007FE9BE6E194]
[3]  [0x000007FE9BABD0D7]
[4]  [0x000007FE9B9A2BCA]
[5]  [0x000007FE9B9A2FD1]
[6]  [0x000007FE9BE6EB2F]
[7]  [0x000007FE9BD2C19D]
[8]  [0x000007FE9BD25942]
[9]  [0x000007FE9BD25AB5]
[10] (LdrShutdownProcess+0x1d1) [0x00000000774B2AC1]
[11] (RtlExitUserProcess+0x90) [0x00000000774B28D0]
[12] (wcstoui64+0x2fa) [0x000007FEFD5499E2]
[13]  [0x00000000004014CD]
[14]  [0x000000000040151B]
[15] (BaseThreadInitThunk+0xd) [0x00000000773859CD]
[16] (RtlUserThreadStart+0x21) [0x00000000774BA561]
Done
