#-----------------------------------------------------------
# Vivado v2017.2 (64-bit)
# SW Build 1909853 on Thu Jun 15 18:39:09 MDT 2017
# IP Build 1909766 on Thu Jun 15 19:58:00 MDT 2017
# Start of session at: Fri Dec  1 20:32:37 2017
# Process ID: 10164
# Current directory: C:/Users/hpoup/Desktop/space_invaders
# Command line: vivado.exe -gui_launcher_event rodinguilauncherevent4604 C:\Users\hpoup\Desktop\space_invaders\space_invaders.xpr
# Log file: C:/Users/hpoup/Desktop/space_invaders/vivado.log
# Journal file: C:/Users/hpoup/Desktop/space_invaders\vivado.jou
#-----------------------------------------------------------
start_gui
open_project C:/Users/hpoup/Desktop/space_invaders/space_invaders.xpr
Scanning sources...
Finished scanning sources
INFO: [IP_Flow 19-234] Refreshing IP repositories
INFO: [IP_Flow 19-1704] No user IP repositories specified
INFO: [IP_Flow 19-2313] Loaded Vivado IP repository 'C:/Xilinx/Vivado/2017.2/data/ip'.
open_project: Time (s): cpu = 00:00:29 ; elapsed = 00:00:14 . Memory (MB): peak = 758.367 ; gain = 45.332
update_compile_order -fileset sources_1
remove_files  C:/Users/hpoup/Desktop/space_invaders/space_invaders.srcs/sources_1/new/clock_affichage.vhd
file delete -force C:/Users/hpoup/Desktop/space_invaders/space_invaders.srcs/sources_1/new/clock_affichage.vhd
exit
INFO: [Common 17-206] Exiting Vivado at Fri Dec  1 22:11:07 2017...
