#-----------------------------------------------------------
# Vivado v2017.2 (64-bit)
# SW Build 1909853 on Thu Jun 15 18:39:09 MDT 2017
# IP Build 1909766 on Thu Jun 15 19:58:00 MDT 2017
# Start of session at: Sat Dec  2 17:21:54 2017
# Process ID: 4996
# Current directory: C:/Users/hpoup/Desktop/space_invaders_VHDL/space_invaders
# Command line: vivado.exe -gui_launcher_event rodinguilauncherevent1744 C:\Users\hpoup\Desktop\space_invaders_VHDL\space_invaders\space_invaders.xpr
# Log file: C:/Users/hpoup/Desktop/space_invaders_VHDL/space_invaders/vivado.log
# Journal file: C:/Users/hpoup/Desktop/space_invaders_VHDL/space_invaders\vivado.jou
#-----------------------------------------------------------
start_gui
open_project C:/Users/hpoup/Desktop/space_invaders_VHDL/space_invaders/space_invaders.xpr
Scanning sources...
Finished scanning sources
INFO: [IP_Flow 19-234] Refreshing IP repositories
INFO: [IP_Flow 19-1704] No user IP repositories specified
INFO: [IP_Flow 19-2313] Loaded Vivado IP repository 'C:/Xilinx/Vivado/2017.2/data/ip'.
open_project: Time (s): cpu = 00:00:21 ; elapsed = 00:00:13 . Memory (MB): peak = 791.129 ; gain = 115.805
update_compile_order -fileset sources_1
exit
INFO: [Common 17-206] Exiting Vivado at Sat Dec  2 17:27:29 2017...
