#-----------------------------------------------------------
# Vivado v2017.2 (64-bit)
# SW Build 1909853 on Thu Jun 15 18:39:09 MDT 2017
# IP Build 1909766 on Thu Jun 15 19:58:00 MDT 2017
# Start of session at: Wed Nov 22 09:48:14 2017
# Process ID: 5556
# Current directory: C:/Users/hpoup/Desktop/space_invaders
# Command line: vivado.exe -gui_launcher_event rodinguilauncherevent9492 C:\Users\hpoup\Desktop\space_invaders\space_invaders.xpr
# Log file: C:/Users/hpoup/Desktop/space_invaders/vivado.log
# Journal file: C:/Users/hpoup/Desktop/space_invaders\vivado.jou
#-----------------------------------------------------------
start_gui
open_project C:/Users/hpoup/Desktop/space_invaders/space_invaders.xpr
Scanning sources...
Finished scanning sources
INFO: [IP_Flow 19-234] Refreshing IP repositories
INFO: [IP_Flow 19-1704] No user IP repositories specified
INFO: [IP_Flow 19-2313] Loaded Vivado IP repository 'C:/Xilinx/Vivado/2017.2/data/ip'.
open_project: Time (s): cpu = 00:00:16 ; elapsed = 00:00:07 . Memory (MB): peak = 787.023 ; gain = 101.020
update_compile_order -fileset sources_1
update_files -from_files C:/Users/hpoup/Desktop/space_invaders/space_invaders.srcs/sources_1/new/charg_memoire.vhd -to_files C:/Users/hpoup/Desktop/space_invaders/space_invaders.srcs/sources_1/new/charg_memoire.vhd -filesets [get_filesets *]
ERROR: [Vivado 12-3481] Cannot replace a file with itself: 'C:/Users/hpoup/Desktop/space_invaders/space_invaders.srcs/sources_1/new/charg_memoire.vhd'
reset_run synth_1
launch_runs synth_1 -jobs 2
[Wed Nov 22 10:00:55 2017] Launched synth_1...
Run output will be captured here: C:/Users/hpoup/Desktop/space_invaders/space_invaders.runs/synth_1/runme.log
launch_runs impl_1 -jobs 2
[Wed Nov 22 10:02:02 2017] Launched impl_1...
Run output will be captured here: C:/Users/hpoup/Desktop/space_invaders/space_invaders.runs/impl_1/runme.log
launch_runs impl_1 -to_step write_bitstream -jobs 2
[Wed Nov 22 10:04:01 2017] Launched impl_1...
Run output will be captured here: C:/Users/hpoup/Desktop/space_invaders/space_invaders.runs/impl_1/runme.log
config_webtalk -user on
WARNING: [filemgmt 56-199] Attempt to get parsing info during refresh. "On-the-fly" syntax checking information may be incorrect. [C:/Users/hpoup/Desktop/space_invaders/space_invaders.srcs/sources_1/new/vga_640_480.vhd:]
WARNING: [filemgmt 56-199] Attempt to get parsing info during refresh. "On-the-fly" syntax checking information may be incorrect. [C:/Users/hpoup/Desktop/space_invaders/space_invaders.srcs/sources_1/new/acqui_mvt.vhd:]
WARNING: [filemgmt 56-199] Attempt to get parsing info during refresh. "On-the-fly" syntax checking information may be incorrect. [C:/Users/hpoup/Desktop/space_invaders/space_invaders.srcs/sources_1/new/mem_image.vhd:]
WARNING: [filemgmt 56-199] Attempt to get parsing info during refresh. "On-the-fly" syntax checking information may be incorrect. [C:/Users/hpoup/Desktop/space_invaders/space_invaders.srcs/sources_1/new/top_module.vhd:]
WARNING: [filemgmt 56-199] Attempt to get parsing info during refresh. "On-the-fly" syntax checking information may be incorrect. [C:/Users/hpoup/Desktop/space_invaders/space_invaders.srcs/sources_1/new/vga_160_100.vhd:]
WARNING: [filemgmt 56-199] Attempt to get parsing info during refresh. "On-the-fly" syntax checking information may be incorrect. [C:/Users/hpoup/Desktop/space_invaders/space_invaders.srcs/sources_1/new/cmp_x_y.vhd:]
WARNING: [filemgmt 56-199] Attempt to get parsing info during refresh. "On-the-fly" syntax checking information may be incorrect. [C:/Users/hpoup/Desktop/space_invaders/space_invaders.srcs/sources_1/new/impul_y.vhd:]
WARNING: [filemgmt 56-199] Attempt to get parsing info during refresh. "On-the-fly" syntax checking information may be incorrect. [C:/Users/hpoup/Desktop/space_invaders/space_invaders.srcs/sources_1/new/test_charg_image.vhd:]
WARNING: [filemgmt 56-199] Attempt to get parsing info during refresh. "On-the-fly" syntax checking information may be incorrect. [C:/Users/hpoup/Desktop/space_invaders/space_invaders.srcs/sources_1/new/charg_memoire.vhd:]
WARNING: [filemgmt 56-199] Attempt to get parsing info during refresh. "On-the-fly" syntax checking information may be incorrect. [C:/Users/hpoup/Desktop/space_invaders/space_invaders.srcs/sources_1/new/vga_640_480.vhd:]
WARNING: [filemgmt 56-199] Attempt to get parsing info during refresh. "On-the-fly" syntax checking information may be incorrect. [C:/Users/hpoup/Desktop/space_invaders/space_invaders.srcs/sources_1/new/acqui_mvt.vhd:]
WARNING: [filemgmt 56-199] Attempt to get parsing info during refresh. "On-the-fly" syntax checking information may be incorrect. [C:/Users/hpoup/Desktop/space_invaders/space_invaders.srcs/sources_1/new/mem_image.vhd:]
WARNING: [filemgmt 56-199] Attempt to get parsing info during refresh. "On-the-fly" syntax checking information may be incorrect. [C:/Users/hpoup/Desktop/space_invaders/space_invaders.srcs/sources_1/new/top_module.vhd:]
WARNING: [filemgmt 56-199] Attempt to get parsing info during refresh. "On-the-fly" syntax checking information may be incorrect. [C:/Users/hpoup/Desktop/space_invaders/space_invaders.srcs/sources_1/new/vga_160_100.vhd:]
WARNING: [filemgmt 56-199] Attempt to get parsing info during refresh. "On-the-fly" syntax checking information may be incorrect. [C:/Users/hpoup/Desktop/space_invaders/space_invaders.srcs/sources_1/new/cmp_x_y.vhd:]
WARNING: [filemgmt 56-199] Attempt to get parsing info during refresh. "On-the-fly" syntax checking information may be incorrect. [C:/Users/hpoup/Desktop/space_invaders/space_invaders.srcs/sources_1/new/impul_y.vhd:]
WARNING: [filemgmt 56-199] Attempt to get parsing info during refresh. "On-the-fly" syntax checking information may be incorrect. [C:/Users/hpoup/Desktop/space_invaders/space_invaders.srcs/sources_1/new/test_charg_image.vhd:]
WARNING: [filemgmt 56-199] Attempt to get parsing info during refresh. "On-the-fly" syntax checking information may be incorrect. [C:/Users/hpoup/Desktop/space_invaders/space_invaders.srcs/sources_1/new/charg_memoire.vhd:]
WARNING: [filemgmt 56-199] Attempt to get parsing info during refresh. "On-the-fly" syntax checking information may be incorrect. [C:/Users/hpoup/Desktop/space_invaders/space_invaders.srcs/sources_1/new/vga_640_480.vhd:]
WARNING: [filemgmt 56-199] Attempt to get parsing info during refresh. "On-the-fly" syntax checking information may be incorrect. [C:/Users/hpoup/Desktop/space_invaders/space_invaders.srcs/sources_1/new/acqui_mvt.vhd:]
WARNING: [filemgmt 56-199] Attempt to get parsing info during refresh. "On-the-fly" syntax checking information may be incorrect. [C:/Users/hpoup/Desktop/space_invaders/space_invaders.srcs/sources_1/new/mem_image.vhd:]
WARNING: [filemgmt 56-199] Attempt to get parsing info during refresh. "On-the-fly" syntax checking information may be incorrect. [C:/Users/hpoup/Desktop/space_invaders/space_invaders.srcs/sources_1/new/top_module.vhd:]
WARNING: [filemgmt 56-199] Attempt to get parsing info during refresh. "On-the-fly" syntax checking information may be incorrect. [C:/Users/hpoup/Desktop/space_invaders/space_invaders.srcs/sources_1/new/vga_160_100.vhd:]
WARNING: [filemgmt 56-199] Attempt to get parsing info during refresh. "On-the-fly" syntax checking information may be incorrect. [C:/Users/hpoup/Desktop/space_invaders/space_invaders.srcs/sources_1/new/cmp_x_y.vhd:]
WARNING: [filemgmt 56-199] Attempt to get parsing info during refresh. "On-the-fly" syntax checking information may be incorrect. [C:/Users/hpoup/Desktop/space_invaders/space_invaders.srcs/sources_1/new/impul_y.vhd:]
WARNING: [filemgmt 56-199] Attempt to get parsing info during refresh. "On-the-fly" syntax checking information may be incorrect. [C:/Users/hpoup/Desktop/space_invaders/space_invaders.srcs/sources_1/new/test_charg_image.vhd:]
WARNING: [filemgmt 56-199] Attempt to get parsing info during refresh. "On-the-fly" syntax checking information may be incorrect. [C:/Users/hpoup/Desktop/space_invaders/space_invaders.srcs/sources_1/new/charg_memoire.vhd:]
WARNING: [filemgmt 56-199] Attempt to get parsing info during refresh. "On-the-fly" syntax checking information may be incorrect. [C:/Users/hpoup/Desktop/space_invaders/space_invaders.srcs/sources_1/new/vga_640_480.vhd:]
WARNING: [filemgmt 56-199] Attempt to get parsing info during refresh. "On-the-fly" syntax checking information may be incorrect. [C:/Users/hpoup/Desktop/space_invaders/space_invaders.srcs/sources_1/new/acqui_mvt.vhd:]
WARNING: [filemgmt 56-199] Attempt to get parsing info during refresh. "On-the-fly" syntax checking information may be incorrect. [C:/Users/hpoup/Desktop/space_invaders/space_invaders.srcs/sources_1/new/mem_image.vhd:]
WARNING: [filemgmt 56-199] Attempt to get parsing info during refresh. "On-the-fly" syntax checking information may be incorrect. [C:/Users/hpoup/Desktop/space_invaders/space_invaders.srcs/sources_1/new/top_module.vhd:]
WARNING: [filemgmt 56-199] Attempt to get parsing info during refresh. "On-the-fly" syntax checking information may be incorrect. [C:/Users/hpoup/Desktop/space_invaders/space_invaders.srcs/sources_1/new/vga_160_100.vhd:]
WARNING: [filemgmt 56-199] Attempt to get parsing info during refresh. "On-the-fly" syntax checking information may be incorrect. [C:/Users/hpoup/Desktop/space_invaders/space_invaders.srcs/sources_1/new/cmp_x_y.vhd:]
WARNING: [filemgmt 56-199] Attempt to get parsing info during refresh. "On-the-fly" syntax checking information may be incorrect. [C:/Users/hpoup/Desktop/space_invaders/space_invaders.srcs/sources_1/new/impul_y.vhd:]
WARNING: [filemgmt 56-199] Attempt to get parsing info during refresh. "On-the-fly" syntax checking information may be incorrect. [C:/Users/hpoup/Desktop/space_invaders/space_invaders.srcs/sources_1/new/test_charg_image.vhd:]
WARNING: [filemgmt 56-199] Attempt to get parsing info during refresh. "On-the-fly" syntax checking information may be incorrect. [C:/Users/hpoup/Desktop/space_invaders/space_invaders.srcs/sources_1/new/charg_memoire.vhd:]
WARNING: [filemgmt 56-199] Attempt to get parsing info during refresh. "On-the-fly" syntax checking information may be incorrect. [C:/Users/hpoup/Desktop/space_invaders/space_invaders.srcs/sources_1/new/vga_640_480.vhd:]
WARNING: [filemgmt 56-199] Attempt to get parsing info during refresh. "On-the-fly" syntax checking information may be incorrect. [C:/Users/hpoup/Desktop/space_invaders/space_invaders.srcs/sources_1/new/acqui_mvt.vhd:]
WARNING: [filemgmt 56-199] Attempt to get parsing info during refresh. "On-the-fly" syntax checking information may be incorrect. [C:/Users/hpoup/Desktop/space_invaders/space_invaders.srcs/sources_1/new/mem_image.vhd:]
WARNING: [filemgmt 56-199] Attempt to get parsing info during refresh. "On-the-fly" syntax checking information may be incorrect. [C:/Users/hpoup/Desktop/space_invaders/space_invaders.srcs/sources_1/new/top_module.vhd:]
WARNING: [filemgmt 56-199] Attempt to get parsing info during refresh. "On-the-fly" syntax checking information may be incorrect. [C:/Users/hpoup/Desktop/space_invaders/space_invaders.srcs/sources_1/new/vga_160_100.vhd:]
WARNING: [filemgmt 56-199] Attempt to get parsing info during refresh. "On-the-fly" syntax checking information may be incorrect. [C:/Users/hpoup/Desktop/space_invaders/space_invaders.srcs/sources_1/new/cmp_x_y.vhd:]
WARNING: [filemgmt 56-199] Attempt to get parsing info during refresh. "On-the-fly" syntax checking information may be incorrect. [C:/Users/hpoup/Desktop/space_invaders/space_invaders.srcs/sources_1/new/impul_y.vhd:]
WARNING: [filemgmt 56-199] Attempt to get parsing info during refresh. "On-the-fly" syntax checking information may be incorrect. [C:/Users/hpoup/Desktop/space_invaders/space_invaders.srcs/sources_1/new/test_charg_image.vhd:]
WARNING: [filemgmt 56-199] Attempt to get parsing info during refresh. "On-the-fly" syntax checking information may be incorrect. [C:/Users/hpoup/Desktop/space_invaders/space_invaders.srcs/sources_1/new/charg_memoire.vhd:]
WARNING: [filemgmt 56-199] Attempt to get parsing info during refresh. "On-the-fly" syntax checking information may be incorrect. [C:/Users/hpoup/Desktop/space_invaders/space_invaders.srcs/sources_1/new/vga_640_480.vhd:]
WARNING: [filemgmt 56-199] Attempt to get parsing info during refresh. "On-the-fly" syntax checking information may be incorrect. [C:/Users/hpoup/Desktop/space_invaders/space_invaders.srcs/sources_1/new/acqui_mvt.vhd:]
WARNING: [filemgmt 56-199] Attempt to get parsing info during refresh. "On-the-fly" syntax checking information may be incorrect. [C:/Users/hpoup/Desktop/space_invaders/space_invaders.srcs/sources_1/new/mem_image.vhd:]
WARNING: [filemgmt 56-199] Attempt to get parsing info during refresh. "On-the-fly" syntax checking information may be incorrect. [C:/Users/hpoup/Desktop/space_invaders/space_invaders.srcs/sources_1/new/top_module.vhd:]
WARNING: [filemgmt 56-199] Attempt to get parsing info during refresh. "On-the-fly" syntax checking information may be incorrect. [C:/Users/hpoup/Desktop/space_invaders/space_invaders.srcs/sources_1/new/vga_160_100.vhd:]
WARNING: [filemgmt 56-199] Attempt to get parsing info during refresh. "On-the-fly" syntax checking information may be incorrect. [C:/Users/hpoup/Desktop/space_invaders/space_invaders.srcs/sources_1/new/cmp_x_y.vhd:]
WARNING: [filemgmt 56-199] Attempt to get parsing info during refresh. "On-the-fly" syntax checking information may be incorrect. [C:/Users/hpoup/Desktop/space_invaders/space_invaders.srcs/sources_1/new/impul_y.vhd:]
WARNING: [filemgmt 56-199] Attempt to get parsing info during refresh. "On-the-fly" syntax checking information may be incorrect. [C:/Users/hpoup/Desktop/space_invaders/space_invaders.srcs/sources_1/new/test_charg_image.vhd:]
WARNING: [filemgmt 56-199] Attempt to get parsing info during refresh. "On-the-fly" syntax checking information may be incorrect. [C:/Users/hpoup/Desktop/space_invaders/space_invaders.srcs/sources_1/new/charg_memoire.vhd:]
set_property flow {Vivado Synthesis 2017} [get_runs synth_1]
create_run synth_2 -flow {Vivado Synthesis 2017} -strategy {Vivado Synthesis Defaults}
Run is defaulting to srcset: sources_1
Run is defaulting to constrset: constrs_1
Run is defaulting to part: xc7a100tcsg324-1
current_run [get_runs synth_2]
set_property target_language VHDL [current_project]
set_property flow {Vivado Implementation 2015} [get_runs impl_2]
update_ip_catalog
update_ip_catalog
launch_runs synth_2 -jobs 2
[Wed Nov 22 10:08:57 2017] Launched synth_2...
Run output will be captured here: C:/Users/hpoup/Desktop/space_invaders/space_invaders.runs/synth_2/runme.log
reset_run synth_2
launch_runs impl_2 -jobs 2
[Wed Nov 22 10:10:04 2017] Launched synth_2...
Run output will be captured here: C:/Users/hpoup/Desktop/space_invaders/space_invaders.runs/synth_2/runme.log
[Wed Nov 22 10:10:04 2017] Launched impl_2...
Run output will be captured here: C:/Users/hpoup/Desktop/space_invaders/space_invaders.runs/impl_2/runme.log
open_hw
connect_hw_server
INFO: [Labtools 27-2285] Connecting to hw_server url TCP:localhost:3121
INFO: [Labtools 27-2222] Launching hw_server...
INFO: [Labtools 27-2221] Launch Output:

****** Xilinx hw_server v2017.2
  **** Build date : Jun 15 2017-18:53:26
    ** Copyright 1986-2017 Xilinx, Inc. All Rights Reserved.


open_hw_target
INFO: [Labtoolstcl 44-466] Opening hw_target localhost:3121/xilinx_tcf/Digilent/210292747270A
current_hw_device [get_hw_devices xc7a100t_0]
refresh_hw_device -update_hw_probes false [lindex [get_hw_devices xc7a100t_0] 0]
INFO: [Labtools 27-1434] Device xc7a100t (JTAG device index = 0) is programmed with a design that has no supported debug core(s) in it.
WARNING: [Labtools 27-3361] The debug hub core was not detected.
Resolution: 
1. Make sure the clock connected to the debug hub (dbg_hub) core is a free running clock and is active.
2. Make sure the BSCAN_SWITCH_USER_MASK device property in Vivado Hardware Manager reflects the user scan chain setting in the design and refresh the device.  To determine the user scan chain setting in the design, open the implemented design and use 'get_property C_USER_SCAN_CHAIN [get_debug_cores dbg_hub]'.
For more details on setting the scan chain property, consult the Vivado Debug and Programming User Guide (UG908).
reset_run synth_2
launch_runs impl_2 -to_step write_bitstream -jobs 2
[Wed Nov 22 10:12:51 2017] Launched synth_2...
Run output will be captured here: C:/Users/hpoup/Desktop/space_invaders/space_invaders.runs/synth_2/runme.log
[Wed Nov 22 10:12:51 2017] Launched impl_2...
Run output will be captured here: C:/Users/hpoup/Desktop/space_invaders/space_invaders.runs/impl_2/runme.log
set_property PROBES.FILE {} [get_hw_devices xc7a100t_0]
set_property FULL_PROBES.FILE {} [get_hw_devices xc7a100t_0]
set_property PROGRAM.FILE {C:/Users/hpoup/Desktop/space_invaders/space_invaders.runs/impl_2/top_module.bit} [get_hw_devices xc7a100t_0]
program_hw_devices [get_hw_devices xc7a100t_0]
INFO: [Labtools 27-3164] End of startup status: HIGH
refresh_hw_device [lindex [get_hw_devices xc7a100t_0] 0]
INFO: [Labtools 27-1434] Device xc7a100t (JTAG device index = 0) is programmed with a design that has no supported debug core(s) in it.
WARNING: [Labtools 27-3361] The debug hub core was not detected.
Resolution: 
1. Make sure the clock connected to the debug hub (dbg_hub) core is a free running clock and is active.
2. Make sure the BSCAN_SWITCH_USER_MASK device property in Vivado Hardware Manager reflects the user scan chain setting in the design and refresh the device.  To determine the user scan chain setting in the design, open the implemented design and use 'get_property C_USER_SCAN_CHAIN [get_debug_cores dbg_hub]'.
For more details on setting the scan chain property, consult the Vivado Debug and Programming User Guide (UG908).
set_property PROBES.FILE {} [get_hw_devices xc7a100t_0]
set_property FULL_PROBES.FILE {} [get_hw_devices xc7a100t_0]
set_property PROGRAM.FILE {C:/Users/hpoup/Desktop/space_invaders/space_invaders.runs/impl_2/top_module.bit} [get_hw_devices xc7a100t_0]
program_hw_devices [get_hw_devices xc7a100t_0]
INFO: [Labtools 27-3164] End of startup status: HIGH
refresh_hw_device [lindex [get_hw_devices xc7a100t_0] 0]
INFO: [Labtools 27-1434] Device xc7a100t (JTAG device index = 0) is programmed with a design that has no supported debug core(s) in it.
WARNING: [Labtools 27-3361] The debug hub core was not detected.
Resolution: 
1. Make sure the clock connected to the debug hub (dbg_hub) core is a free running clock and is active.
2. Make sure the BSCAN_SWITCH_USER_MASK device property in Vivado Hardware Manager reflects the user scan chain setting in the design and refresh the device.  To determine the user scan chain setting in the design, open the implemented design and use 'get_property C_USER_SCAN_CHAIN [get_debug_cores dbg_hub]'.
For more details on setting the scan chain property, consult the Vivado Debug and Programming User Guide (UG908).
update_compile_order -fileset sources_1
reset_run synth_2
launch_runs synth_2 -jobs 2
[Wed Nov 22 10:21:40 2017] Launched synth_2...
Run output will be captured here: C:/Users/hpoup/Desktop/space_invaders/space_invaders.runs/synth_2/runme.log
reset_run synth_2
launch_runs synth_2 -jobs 2
[Wed Nov 22 10:25:28 2017] Launched synth_2...
Run output will be captured here: C:/Users/hpoup/Desktop/space_invaders/space_invaders.runs/synth_2/runme.log
reset_run synth_2
launch_runs synth_2 -jobs 2
[Wed Nov 22 10:28:30 2017] Launched synth_2...
Run output will be captured here: C:/Users/hpoup/Desktop/space_invaders/space_invaders.runs/synth_2/runme.log
reset_run synth_2
launch_runs synth_2 -jobs 2
[Wed Nov 22 10:29:36 2017] Launched synth_2...
Run output will be captured here: C:/Users/hpoup/Desktop/space_invaders/space_invaders.runs/synth_2/runme.log
launch_runs impl_2 -jobs 2
[Wed Nov 22 10:30:39 2017] Launched impl_2...
Run output will be captured here: C:/Users/hpoup/Desktop/space_invaders/space_invaders.runs/impl_2/runme.log
launch_runs impl_2 -to_step write_bitstream -jobs 2
[Wed Nov 22 10:32:24 2017] Launched impl_2...
Run output will be captured here: C:/Users/hpoup/Desktop/space_invaders/space_invaders.runs/impl_2/runme.log
set_property PROBES.FILE {} [get_hw_devices xc7a100t_0]
set_property FULL_PROBES.FILE {} [get_hw_devices xc7a100t_0]
set_property PROGRAM.FILE {C:/Users/hpoup/Desktop/space_invaders/space_invaders.runs/impl_2/top_module.bit} [get_hw_devices xc7a100t_0]
program_hw_devices [get_hw_devices xc7a100t_0]
INFO: [Labtools 27-3164] End of startup status: HIGH
refresh_hw_device [lindex [get_hw_devices xc7a100t_0] 0]
INFO: [Labtools 27-1434] Device xc7a100t (JTAG device index = 0) is programmed with a design that has no supported debug core(s) in it.
WARNING: [Labtools 27-3361] The debug hub core was not detected.
Resolution: 
1. Make sure the clock connected to the debug hub (dbg_hub) core is a free running clock and is active.
2. Make sure the BSCAN_SWITCH_USER_MASK device property in Vivado Hardware Manager reflects the user scan chain setting in the design and refresh the device.  To determine the user scan chain setting in the design, open the implemented design and use 'get_property C_USER_SCAN_CHAIN [get_debug_cores dbg_hub]'.
For more details on setting the scan chain property, consult the Vivado Debug and Programming User Guide (UG908).
reset_run synth_2
launch_runs impl_2 -to_step write_bitstream -jobs 2
[Wed Nov 22 10:34:54 2017] Launched synth_2...
Run output will be captured here: C:/Users/hpoup/Desktop/space_invaders/space_invaders.runs/synth_2/runme.log
[Wed Nov 22 10:34:54 2017] Launched impl_2...
Run output will be captured here: C:/Users/hpoup/Desktop/space_invaders/space_invaders.runs/impl_2/runme.log
set_property PROBES.FILE {} [get_hw_devices xc7a100t_0]
set_property FULL_PROBES.FILE {} [get_hw_devices xc7a100t_0]
set_property PROGRAM.FILE {C:/Users/hpoup/Desktop/space_invaders/space_invaders.runs/impl_2/top_module.bit} [get_hw_devices xc7a100t_0]
program_hw_devices [get_hw_devices xc7a100t_0]
INFO: [Labtools 27-3164] End of startup status: HIGH
refresh_hw_device [lindex [get_hw_devices xc7a100t_0] 0]
INFO: [Labtools 27-1434] Device xc7a100t (JTAG device index = 0) is programmed with a design that has no supported debug core(s) in it.
WARNING: [Labtools 27-3361] The debug hub core was not detected.
Resolution: 
1. Make sure the clock connected to the debug hub (dbg_hub) core is a free running clock and is active.
2. Make sure the BSCAN_SWITCH_USER_MASK device property in Vivado Hardware Manager reflects the user scan chain setting in the design and refresh the device.  To determine the user scan chain setting in the design, open the implemented design and use 'get_property C_USER_SCAN_CHAIN [get_debug_cores dbg_hub]'.
For more details on setting the scan chain property, consult the Vivado Debug and Programming User Guide (UG908).
reset_run synth_2
launch_runs impl_2 -to_step write_bitstream -jobs 2
[Wed Nov 22 10:39:21 2017] Launched synth_2...
Run output will be captured here: C:/Users/hpoup/Desktop/space_invaders/space_invaders.runs/synth_2/runme.log
[Wed Nov 22 10:39:21 2017] Launched impl_2...
Run output will be captured here: C:/Users/hpoup/Desktop/space_invaders/space_invaders.runs/impl_2/runme.log
set_property PROBES.FILE {} [get_hw_devices xc7a100t_0]
set_property FULL_PROBES.FILE {} [get_hw_devices xc7a100t_0]
set_property PROGRAM.FILE {C:/Users/hpoup/Desktop/space_invaders/space_invaders.runs/impl_2/top_module.bit} [get_hw_devices xc7a100t_0]
program_hw_devices [get_hw_devices xc7a100t_0]
INFO: [Labtools 27-3164] End of startup status: HIGH
refresh_hw_device [lindex [get_hw_devices xc7a100t_0] 0]
INFO: [Labtools 27-1434] Device xc7a100t (JTAG device index = 0) is programmed with a design that has no supported debug core(s) in it.
WARNING: [Labtools 27-3361] The debug hub core was not detected.
Resolution: 
1. Make sure the clock connected to the debug hub (dbg_hub) core is a free running clock and is active.
2. Make sure the BSCAN_SWITCH_USER_MASK device property in Vivado Hardware Manager reflects the user scan chain setting in the design and refresh the device.  To determine the user scan chain setting in the design, open the implemented design and use 'get_property C_USER_SCAN_CHAIN [get_debug_cores dbg_hub]'.
For more details on setting the scan chain property, consult the Vivado Debug and Programming User Guide (UG908).
reset_run synth_2
launch_runs impl_2 -to_step write_bitstream -jobs 2
[Wed Nov 22 10:47:20 2017] Launched synth_2...
Run output will be captured here: C:/Users/hpoup/Desktop/space_invaders/space_invaders.runs/synth_2/runme.log
[Wed Nov 22 10:47:20 2017] Launched impl_2...
Run output will be captured here: C:/Users/hpoup/Desktop/space_invaders/space_invaders.runs/impl_2/runme.log
reset_run impl_2
reset_run synth_2
launch_runs synth_2 -jobs 2
[Wed Nov 22 10:48:34 2017] Launched synth_2...
Run output will be captured here: C:/Users/hpoup/Desktop/space_invaders/space_invaders.runs/synth_2/runme.log
launch_runs impl_2 -jobs 2
[Wed Nov 22 10:49:31 2017] Launched impl_2...
Run output will be captured here: C:/Users/hpoup/Desktop/space_invaders/space_invaders.runs/impl_2/runme.log
launch_runs impl_2 -to_step write_bitstream -jobs 2
[Wed Nov 22 10:51:19 2017] Launched impl_2...
Run output will be captured here: C:/Users/hpoup/Desktop/space_invaders/space_invaders.runs/impl_2/runme.log
set_property PROBES.FILE {} [get_hw_devices xc7a100t_0]
set_property FULL_PROBES.FILE {} [get_hw_devices xc7a100t_0]
set_property PROGRAM.FILE {C:/Users/hpoup/Desktop/space_invaders/space_invaders.runs/impl_2/top_module.bit} [get_hw_devices xc7a100t_0]
program_hw_devices [get_hw_devices xc7a100t_0]
INFO: [Labtools 27-3164] End of startup status: HIGH
refresh_hw_device [lindex [get_hw_devices xc7a100t_0] 0]
INFO: [Labtools 27-1434] Device xc7a100t (JTAG device index = 0) is programmed with a design that has no supported debug core(s) in it.
WARNING: [Labtools 27-3361] The debug hub core was not detected.
Resolution: 
1. Make sure the clock connected to the debug hub (dbg_hub) core is a free running clock and is active.
2. Make sure the BSCAN_SWITCH_USER_MASK device property in Vivado Hardware Manager reflects the user scan chain setting in the design and refresh the device.  To determine the user scan chain setting in the design, open the implemented design and use 'get_property C_USER_SCAN_CHAIN [get_debug_cores dbg_hub]'.
For more details on setting the scan chain property, consult the Vivado Debug and Programming User Guide (UG908).
reset_run synth_2
launch_runs impl_2 -to_step write_bitstream -jobs 2
[Wed Nov 22 10:54:14 2017] Launched synth_2...
Run output will be captured here: C:/Users/hpoup/Desktop/space_invaders/space_invaders.runs/synth_2/runme.log
[Wed Nov 22 10:54:14 2017] Launched impl_2...
Run output will be captured here: C:/Users/hpoup/Desktop/space_invaders/space_invaders.runs/impl_2/runme.log
set_property PROBES.FILE {} [get_hw_devices xc7a100t_0]
set_property FULL_PROBES.FILE {} [get_hw_devices xc7a100t_0]
set_property PROGRAM.FILE {C:/Users/hpoup/Desktop/space_invaders/space_invaders.runs/impl_2/top_module.bit} [get_hw_devices xc7a100t_0]
program_hw_devices [get_hw_devices xc7a100t_0]
INFO: [Labtools 27-3164] End of startup status: HIGH
refresh_hw_device [lindex [get_hw_devices xc7a100t_0] 0]
INFO: [Labtools 27-1434] Device xc7a100t (JTAG device index = 0) is programmed with a design that has no supported debug core(s) in it.
WARNING: [Labtools 27-3361] The debug hub core was not detected.
Resolution: 
1. Make sure the clock connected to the debug hub (dbg_hub) core is a free running clock and is active.
2. Make sure the BSCAN_SWITCH_USER_MASK device property in Vivado Hardware Manager reflects the user scan chain setting in the design and refresh the device.  To determine the user scan chain setting in the design, open the implemented design and use 'get_property C_USER_SCAN_CHAIN [get_debug_cores dbg_hub]'.
For more details on setting the scan chain property, consult the Vivado Debug and Programming User Guide (UG908).
reset_run synth_2
launch_runs impl_2 -to_step write_bitstream -jobs 2
[Wed Nov 22 10:59:18 2017] Launched synth_2...
Run output will be captured here: C:/Users/hpoup/Desktop/space_invaders/space_invaders.runs/synth_2/runme.log
[Wed Nov 22 10:59:18 2017] Launched impl_2...
Run output will be captured here: C:/Users/hpoup/Desktop/space_invaders/space_invaders.runs/impl_2/runme.log
synth_design -rtl -name rtl_1
Command: synth_design -rtl -name rtl_1
Starting synth_design
Using part: xc7a100tcsg324-1
Top: top_module
---------------------------------------------------------------------------------
Starting RTL Elaboration : Time (s): cpu = 00:00:06 ; elapsed = 00:00:06 . Memory (MB): peak = 1136.098 ; gain = 62.727
---------------------------------------------------------------------------------
INFO: [Synth 8-638] synthesizing module 'top_module' [C:/Users/hpoup/Desktop/space_invaders/space_invaders.srcs/sources_1/new/top_module.vhd:46]
INFO: [Synth 8-3491] module 'charg_memoire' declared at 'C:/Users/hpoup/Desktop/space_invaders/space_invaders.srcs/sources_1/new/charg_memoire.vhd:34' bound to instance 'cm' of component 'charg_memoire' [C:/Users/hpoup/Desktop/space_invaders/space_invaders.srcs/sources_1/new/top_module.vhd:81]
INFO: [Synth 8-638] synthesizing module 'charg_memoire' [C:/Users/hpoup/Desktop/space_invaders/space_invaders.srcs/sources_1/new/charg_memoire.vhd:44]
WARNING: [Synth 8-614] signal 'offset_x' is read in the process but is not in the sensitivity list [C:/Users/hpoup/Desktop/space_invaders/space_invaders.srcs/sources_1/new/charg_memoire.vhd:100]
WARNING: [Synth 8-6014] Unused sequential element s_green_reg was removed.  [C:/Users/hpoup/Desktop/space_invaders/space_invaders.srcs/sources_1/new/charg_memoire.vhd:118]
WARNING: [Synth 8-6014] Unused sequential element s_blue_reg was removed.  [C:/Users/hpoup/Desktop/space_invaders/space_invaders.srcs/sources_1/new/charg_memoire.vhd:119]
INFO: [Synth 8-256] done synthesizing module 'charg_memoire' (1#1) [C:/Users/hpoup/Desktop/space_invaders/space_invaders.srcs/sources_1/new/charg_memoire.vhd:44]
	Parameter bit_per_pixel bound to: 6 - type: integer 
	Parameter grayscale bound to: 0 - type: bool 
INFO: [Synth 8-3491] module 'vga_160_100' declared at 'C:/Users/hpoup/Desktop/space_invaders/space_invaders.srcs/sources_1/new/vga_160_100.vhd:26' bound to instance 'vga' of component 'vga_160_100' [C:/Users/hpoup/Desktop/space_invaders/space_invaders.srcs/sources_1/new/top_module.vhd:92]
INFO: [Synth 8-638] synthesizing module 'vga_160_100' [C:/Users/hpoup/Desktop/space_invaders/space_invaders.srcs/sources_1/new/vga_160_100.vhd:43]
	Parameter bit_per_pixel bound to: 6 - type: integer 
	Parameter grayscale bound to: 0 - type: bool 
INFO: [Synth 8-256] done synthesizing module 'vga_160_100' (2#1) [C:/Users/hpoup/Desktop/space_invaders/space_invaders.srcs/sources_1/new/vga_160_100.vhd:43]
INFO: [Synth 8-256] done synthesizing module 'top_module' (3#1) [C:/Users/hpoup/Desktop/space_invaders/space_invaders.srcs/sources_1/new/top_module.vhd:46]
---------------------------------------------------------------------------------
Finished RTL Elaboration : Time (s): cpu = 00:00:08 ; elapsed = 00:00:08 . Memory (MB): peak = 1159.016 ; gain = 85.645
---------------------------------------------------------------------------------

Report Check Netlist: 
+------+------------------+-------+---------+-------+------------------+
|      |Item              |Errors |Warnings |Status |Description       |
+------+------------------+-------+---------+-------+------------------+
|1     |multi_driven_nets |      0|        0|Passed |Multi driven nets |
+------+------------------+-------+---------+-------+------------------+
---------------------------------------------------------------------------------
Finished RTL Optimization Phase 1 : Time (s): cpu = 00:00:08 ; elapsed = 00:00:08 . Memory (MB): peak = 1159.016 ; gain = 85.645
---------------------------------------------------------------------------------
INFO: [Device 21-403] Loading part xc7a100tcsg324-1
INFO: [Project 1-570] Preparing netlist for logic optimization

Processing XDC Constraints
Initializing timing engine
Parsing XDC File [C:/Users/hpoup/Desktop/space_invaders/space_invaders.srcs/constrs_1/new/contrainte.xdc]
Finished Parsing XDC File [C:/Users/hpoup/Desktop/space_invaders/space_invaders.srcs/constrs_1/new/contrainte.xdc]
Completed Processing XDC Constraints

INFO: [Opt 31-138] Pushed 0 inverter(s) to 0 load pin(s).
INFO: [Project 1-111] Unisim Transformation Summary:
No Unisim elements were transformed.

RTL Elaboration Complete:  : Time (s): cpu = 00:00:35 ; elapsed = 00:00:26 . Memory (MB): peak = 1477.801 ; gain = 404.430
12 Infos, 3 Warnings, 0 Critical Warnings and 0 Errors encountered.
synth_design completed successfully
synth_design: Time (s): cpu = 00:00:35 ; elapsed = 00:00:26 . Memory (MB): peak = 1477.801 ; gain = 404.430
set_property PROBES.FILE {} [get_hw_devices xc7a100t_0]
set_property FULL_PROBES.FILE {} [get_hw_devices xc7a100t_0]
set_property PROGRAM.FILE {C:/Users/hpoup/Desktop/space_invaders/space_invaders.runs/impl_2/top_module.bit} [get_hw_devices xc7a100t_0]
program_hw_devices [get_hw_devices xc7a100t_0]
INFO: [Labtools 27-3164] End of startup status: HIGH
refresh_hw_device [lindex [get_hw_devices xc7a100t_0] 0]
INFO: [Labtools 27-1434] Device xc7a100t (JTAG device index = 0) is programmed with a design that has no supported debug core(s) in it.
WARNING: [Labtools 27-3361] The debug hub core was not detected.
Resolution: 
1. Make sure the clock connected to the debug hub (dbg_hub) core is a free running clock and is active.
2. Make sure the BSCAN_SWITCH_USER_MASK device property in Vivado Hardware Manager reflects the user scan chain setting in the design and refresh the device.  To determine the user scan chain setting in the design, open the implemented design and use 'get_property C_USER_SCAN_CHAIN [get_debug_cores dbg_hub]'.
For more details on setting the scan chain property, consult the Vivado Debug and Programming User Guide (UG908).
remove_files  C:/Users/hpoup/Desktop/space_invaders/space_invaders.srcs/sources_1/new/commande.vhd
file delete -force C:/Users/hpoup/Desktop/space_invaders/space_invaders.srcs/sources_1/new/commande.vhd
close [ open C:/Users/hpoup/Desktop/space_invaders/space_invaders.srcs/sources_1/new/commande.vhd w ]
add_files C:/Users/hpoup/Desktop/space_invaders/space_invaders.srcs/sources_1/new/commande.vhd
update_compile_order -fileset sources_1
update_compile_order -fileset sources_1
refresh_design
---------------------------------------------------------------------------------
Starting RTL Elaboration : Time (s): cpu = 00:00:05 ; elapsed = 00:00:05 . Memory (MB): peak = 1488.281 ; gain = 0.000
---------------------------------------------------------------------------------
ERROR: [Synth 8-2715] syntax error near , [C:/Users/hpoup/Desktop/space_invaders/space_invaders.srcs/sources_1/new/top_module.vhd:59]
ERROR: [Synth 8-989] x_offset is already declared in this region [C:/Users/hpoup/Desktop/space_invaders/space_invaders.srcs/sources_1/new/top_module.vhd:85]
WARNING: [Synth 8-1090] 'commande' is not compiled in library work [C:/Users/hpoup/Desktop/space_invaders/space_invaders.srcs/sources_1/new/top_module.vhd:89]
ERROR: [Synth 8-2031] formal clk is not a port [C:/Users/hpoup/Desktop/space_invaders/space_invaders.srcs/sources_1/new/top_module.vhd:100]
ERROR: [Synth 8-995] clk is illegal in an expression [C:/Users/hpoup/Desktop/space_invaders/space_invaders.srcs/sources_1/new/top_module.vhd:100]
ERROR: [Synth 8-2031] formal reset is not a port [C:/Users/hpoup/Desktop/space_invaders/space_invaders.srcs/sources_1/new/top_module.vhd:101]
ERROR: [Synth 8-995] reset is illegal in an expression [C:/Users/hpoup/Desktop/space_invaders/space_invaders.srcs/sources_1/new/top_module.vhd:101]
ERROR: [Synth 8-2031] formal x_offset is not a port [C:/Users/hpoup/Desktop/space_invaders/space_invaders.srcs/sources_1/new/top_module.vhd:102]
ERROR: [Synth 8-995] x_offset is illegal in an expression [C:/Users/hpoup/Desktop/space_invaders/space_invaders.srcs/sources_1/new/top_module.vhd:102]
ERROR: [Synth 8-2031] formal addr is not a port [C:/Users/hpoup/Desktop/space_invaders/space_invaders.srcs/sources_1/new/top_module.vhd:103]
ERROR: [Synth 8-2031] formal data is not a port [C:/Users/hpoup/Desktop/space_invaders/space_invaders.srcs/sources_1/new/top_module.vhd:104]
ERROR: [Synth 8-2031] formal data_write is not a port [C:/Users/hpoup/Desktop/space_invaders/space_invaders.srcs/sources_1/new/top_module.vhd:105]
ERROR: [Synth 8-995] clk is illegal in an expression [C:/Users/hpoup/Desktop/space_invaders/space_invaders.srcs/sources_1/new/top_module.vhd:113]
ERROR: [Synth 8-995] reset is illegal in an expression [C:/Users/hpoup/Desktop/space_invaders/space_invaders.srcs/sources_1/new/top_module.vhd:114]
INFO: [Synth 8-2810] unit behavioral ignored due to previous errors [C:/Users/hpoup/Desktop/space_invaders/space_invaders.srcs/sources_1/new/top_module.vhd:46]
---------------------------------------------------------------------------------
Finished RTL Elaboration : Time (s): cpu = 00:00:06 ; elapsed = 00:00:06 . Memory (MB): peak = 1488.281 ; gain = 0.000
---------------------------------------------------------------------------------
RTL Elaboration failed
refresh_design: Time (s): cpu = 00:00:06 ; elapsed = 00:00:06 . Memory (MB): peak = 1488.281 ; gain = 0.000
ERROR: [Common 17-39] 'refresh_design' failed due to earlier errors.
refresh_design
---------------------------------------------------------------------------------
Starting RTL Elaboration : Time (s): cpu = 00:00:05 ; elapsed = 00:00:05 . Memory (MB): peak = 1488.281 ; gain = 0.000
---------------------------------------------------------------------------------
ERROR: [Synth 8-2715] syntax error near , [C:/Users/hpoup/Desktop/space_invaders/space_invaders.srcs/sources_1/new/top_module.vhd:59]
ERROR: [Synth 8-989] x_offset is already declared in this region [C:/Users/hpoup/Desktop/space_invaders/space_invaders.srcs/sources_1/new/top_module.vhd:85]
WARNING: [Synth 8-1090] 'commande' is not compiled in library work [C:/Users/hpoup/Desktop/space_invaders/space_invaders.srcs/sources_1/new/top_module.vhd:89]
ERROR: [Synth 8-2031] formal clk is not a port [C:/Users/hpoup/Desktop/space_invaders/space_invaders.srcs/sources_1/new/top_module.vhd:100]
ERROR: [Synth 8-995] clk is illegal in an expression [C:/Users/hpoup/Desktop/space_invaders/space_invaders.srcs/sources_1/new/top_module.vhd:100]
ERROR: [Synth 8-2031] formal reset is not a port [C:/Users/hpoup/Desktop/space_invaders/space_invaders.srcs/sources_1/new/top_module.vhd:101]
ERROR: [Synth 8-995] reset is illegal in an expression [C:/Users/hpoup/Desktop/space_invaders/space_invaders.srcs/sources_1/new/top_module.vhd:101]
ERROR: [Synth 8-2031] formal x_offset is not a port [C:/Users/hpoup/Desktop/space_invaders/space_invaders.srcs/sources_1/new/top_module.vhd:102]
ERROR: [Synth 8-995] x_offset is illegal in an expression [C:/Users/hpoup/Desktop/space_invaders/space_invaders.srcs/sources_1/new/top_module.vhd:102]
ERROR: [Synth 8-2031] formal addr is not a port [C:/Users/hpoup/Desktop/space_invaders/space_invaders.srcs/sources_1/new/top_module.vhd:103]
ERROR: [Synth 8-2031] formal data is not a port [C:/Users/hpoup/Desktop/space_invaders/space_invaders.srcs/sources_1/new/top_module.vhd:104]
ERROR: [Synth 8-2031] formal data_write is not a port [C:/Users/hpoup/Desktop/space_invaders/space_invaders.srcs/sources_1/new/top_module.vhd:105]
ERROR: [Synth 8-995] clk is illegal in an expression [C:/Users/hpoup/Desktop/space_invaders/space_invaders.srcs/sources_1/new/top_module.vhd:113]
ERROR: [Synth 8-995] reset is illegal in an expression [C:/Users/hpoup/Desktop/space_invaders/space_invaders.srcs/sources_1/new/top_module.vhd:114]
INFO: [Synth 8-2810] unit behavioral ignored due to previous errors [C:/Users/hpoup/Desktop/space_invaders/space_invaders.srcs/sources_1/new/top_module.vhd:46]
---------------------------------------------------------------------------------
Finished RTL Elaboration : Time (s): cpu = 00:00:06 ; elapsed = 00:00:06 . Memory (MB): peak = 1488.281 ; gain = 0.000
---------------------------------------------------------------------------------
RTL Elaboration failed
refresh_design: Time (s): cpu = 00:00:06 ; elapsed = 00:00:06 . Memory (MB): peak = 1488.281 ; gain = 0.000
ERROR: [Common 17-39] 'refresh_design' failed due to earlier errors.
set_property top commande [current_fileset]
update_compile_order -fileset sources_1
reset_run synth_2
launch_runs synth_2 -jobs 2
[Wed Nov 22 11:27:53 2017] Launched synth_2...
Run output will be captured here: C:/Users/hpoup/Desktop/space_invaders/space_invaders.runs/synth_2/runme.log
set_property top commande [get_filesets sim_1]
set_property top_lib xil_defaultlib [get_filesets sim_1]
refresh_design
---------------------------------------------------------------------------------
Starting RTL Elaboration : Time (s): cpu = 00:00:05 ; elapsed = 00:00:05 . Memory (MB): peak = 1488.281 ; gain = 0.000
---------------------------------------------------------------------------------
INFO: [Synth 8-638] synthesizing module 'commande' [C:/Users/hpoup/Desktop/space_invaders/space_invaders.srcs/sources_1/new/commande.vhd:42]
INFO: [Synth 8-256] done synthesizing module 'commande' (1#1) [C:/Users/hpoup/Desktop/space_invaders/space_invaders.srcs/sources_1/new/commande.vhd:42]
---------------------------------------------------------------------------------
Finished RTL Elaboration : Time (s): cpu = 00:00:06 ; elapsed = 00:00:06 . Memory (MB): peak = 1488.281 ; gain = 0.000
---------------------------------------------------------------------------------

Report Check Netlist: 
+------+------------------+-------+---------+-------+------------------+
|      |Item              |Errors |Warnings |Status |Description       |
+------+------------------+-------+---------+-------+------------------+
|1     |multi_driven_nets |      0|        0|Passed |Multi driven nets |
+------+------------------+-------+---------+-------+------------------+
---------------------------------------------------------------------------------
Finished RTL Optimization Phase 1 : Time (s): cpu = 00:00:06 ; elapsed = 00:00:06 . Memory (MB): peak = 1488.281 ; gain = 0.000
---------------------------------------------------------------------------------
INFO: [Project 1-570] Preparing netlist for logic optimization

Processing XDC Constraints
Initializing timing engine
Parsing XDC File [C:/Users/hpoup/Desktop/space_invaders/space_invaders.srcs/constrs_1/new/contrainte.xdc]
WARNING: [Vivado 12-584] No ports matched 'red[0]'. [C:/Users/hpoup/Desktop/space_invaders/space_invaders.srcs/constrs_1/new/contrainte.xdc:156]
CRITICAL WARNING: [Common 17-55] 'set_property' expects at least one object. [C:/Users/hpoup/Desktop/space_invaders/space_invaders.srcs/constrs_1/new/contrainte.xdc:156]
Resolution: If [get_<value>] was used to populate the object, check to make sure this command returns at least one valid object.
WARNING: [Vivado 12-584] No ports matched 'red[1]'. [C:/Users/hpoup/Desktop/space_invaders/space_invaders.srcs/constrs_1/new/contrainte.xdc:157]
CRITICAL WARNING: [Common 17-55] 'set_property' expects at least one object. [C:/Users/hpoup/Desktop/space_invaders/space_invaders.srcs/constrs_1/new/contrainte.xdc:157]
Resolution: If [get_<value>] was used to populate the object, check to make sure this command returns at least one valid object.
WARNING: [Vivado 12-584] No ports matched 'red[2]'. [C:/Users/hpoup/Desktop/space_invaders/space_invaders.srcs/constrs_1/new/contrainte.xdc:158]
CRITICAL WARNING: [Common 17-55] 'set_property' expects at least one object. [C:/Users/hpoup/Desktop/space_invaders/space_invaders.srcs/constrs_1/new/contrainte.xdc:158]
Resolution: If [get_<value>] was used to populate the object, check to make sure this command returns at least one valid object.
WARNING: [Vivado 12-584] No ports matched 'red[3]'. [C:/Users/hpoup/Desktop/space_invaders/space_invaders.srcs/constrs_1/new/contrainte.xdc:159]
CRITICAL WARNING: [Common 17-55] 'set_property' expects at least one object. [C:/Users/hpoup/Desktop/space_invaders/space_invaders.srcs/constrs_1/new/contrainte.xdc:159]
Resolution: If [get_<value>] was used to populate the object, check to make sure this command returns at least one valid object.
WARNING: [Vivado 12-584] No ports matched 'green[0]'. [C:/Users/hpoup/Desktop/space_invaders/space_invaders.srcs/constrs_1/new/contrainte.xdc:161]
CRITICAL WARNING: [Common 17-55] 'set_property' expects at least one object. [C:/Users/hpoup/Desktop/space_invaders/space_invaders.srcs/constrs_1/new/contrainte.xdc:161]
Resolution: If [get_<value>] was used to populate the object, check to make sure this command returns at least one valid object.
WARNING: [Vivado 12-584] No ports matched 'green[1]'. [C:/Users/hpoup/Desktop/space_invaders/space_invaders.srcs/constrs_1/new/contrainte.xdc:162]
CRITICAL WARNING: [Common 17-55] 'set_property' expects at least one object. [C:/Users/hpoup/Desktop/space_invaders/space_invaders.srcs/constrs_1/new/contrainte.xdc:162]
Resolution: If [get_<value>] was used to populate the object, check to make sure this command returns at least one valid object.
WARNING: [Vivado 12-584] No ports matched 'green[2]'. [C:/Users/hpoup/Desktop/space_invaders/space_invaders.srcs/constrs_1/new/contrainte.xdc:163]
CRITICAL WARNING: [Common 17-55] 'set_property' expects at least one object. [C:/Users/hpoup/Desktop/space_invaders/space_invaders.srcs/constrs_1/new/contrainte.xdc:163]
Resolution: If [get_<value>] was used to populate the object, check to make sure this command returns at least one valid object.
WARNING: [Vivado 12-584] No ports matched 'green[3]'. [C:/Users/hpoup/Desktop/space_invaders/space_invaders.srcs/constrs_1/new/contrainte.xdc:164]
CRITICAL WARNING: [Common 17-55] 'set_property' expects at least one object. [C:/Users/hpoup/Desktop/space_invaders/space_invaders.srcs/constrs_1/new/contrainte.xdc:164]
Resolution: If [get_<value>] was used to populate the object, check to make sure this command returns at least one valid object.
WARNING: [Vivado 12-584] No ports matched 'blue[0]'. [C:/Users/hpoup/Desktop/space_invaders/space_invaders.srcs/constrs_1/new/contrainte.xdc:166]
CRITICAL WARNING: [Common 17-55] 'set_property' expects at least one object. [C:/Users/hpoup/Desktop/space_invaders/space_invaders.srcs/constrs_1/new/contrainte.xdc:166]
Resolution: If [get_<value>] was used to populate the object, check to make sure this command returns at least one valid object.
WARNING: [Vivado 12-584] No ports matched 'blue[1]'. [C:/Users/hpoup/Desktop/space_invaders/space_invaders.srcs/constrs_1/new/contrainte.xdc:167]
CRITICAL WARNING: [Common 17-55] 'set_property' expects at least one object. [C:/Users/hpoup/Desktop/space_invaders/space_invaders.srcs/constrs_1/new/contrainte.xdc:167]
Resolution: If [get_<value>] was used to populate the object, check to make sure this command returns at least one valid object.
WARNING: [Vivado 12-584] No ports matched 'blue[2]'. [C:/Users/hpoup/Desktop/space_invaders/space_invaders.srcs/constrs_1/new/contrainte.xdc:168]
CRITICAL WARNING: [Common 17-55] 'set_property' expects at least one object. [C:/Users/hpoup/Desktop/space_invaders/space_invaders.srcs/constrs_1/new/contrainte.xdc:168]
Resolution: If [get_<value>] was used to populate the object, check to make sure this command returns at least one valid object.
WARNING: [Vivado 12-584] No ports matched 'blue[3]'. [C:/Users/hpoup/Desktop/space_invaders/space_invaders.srcs/constrs_1/new/contrainte.xdc:169]
CRITICAL WARNING: [Common 17-55] 'set_property' expects at least one object. [C:/Users/hpoup/Desktop/space_invaders/space_invaders.srcs/constrs_1/new/contrainte.xdc:169]
Resolution: If [get_<value>] was used to populate the object, check to make sure this command returns at least one valid object.
WARNING: [Vivado 12-584] No ports matched 'h_sync'. [C:/Users/hpoup/Desktop/space_invaders/space_invaders.srcs/constrs_1/new/contrainte.xdc:171]
CRITICAL WARNING: [Common 17-55] 'set_property' expects at least one object. [C:/Users/hpoup/Desktop/space_invaders/space_invaders.srcs/constrs_1/new/contrainte.xdc:171]
Resolution: If [get_<value>] was used to populate the object, check to make sure this command returns at least one valid object.
WARNING: [Vivado 12-584] No ports matched 'v_sync'. [C:/Users/hpoup/Desktop/space_invaders/space_invaders.srcs/constrs_1/new/contrainte.xdc:172]
CRITICAL WARNING: [Common 17-55] 'set_property' expects at least one object. [C:/Users/hpoup/Desktop/space_invaders/space_invaders.srcs/constrs_1/new/contrainte.xdc:172]
Resolution: If [get_<value>] was used to populate the object, check to make sure this command returns at least one valid object.
Finished Parsing XDC File [C:/Users/hpoup/Desktop/space_invaders/space_invaders.srcs/constrs_1/new/contrainte.xdc]
Completed Processing XDC Constraints

INFO: [Opt 31-138] Pushed 0 inverter(s) to 0 load pin(s).
refresh_design: Time (s): cpu = 00:00:20 ; elapsed = 00:00:13 . Memory (MB): peak = 1541.891 ; gain = 53.609
set_property top top_module [get_filesets sim_1]
set_property top_lib xil_defaultlib [get_filesets sim_1]
set_property top top_module [current_fileset]
update_compile_order -fileset sources_1
set_property is_enabled false [get_files  C:/Users/hpoup/Desktop/space_invaders/space_invaders.srcs/sources_1/new/commande.vhd]
set_property is_enabled true [get_files  C:/Users/hpoup/Desktop/space_invaders/space_invaders.srcs/sources_1/new/commande.vhd]
set_property top commande [current_fileset]
update_compile_order -fileset sources_1
set_property top top_module [current_fileset]
update_compile_order -fileset sources_1
remove_files  C:/Users/hpoup/Desktop/space_invaders/space_invaders.srcs/sources_1/new/commande.vhd
add_files -norecurse C:/Users/hpoup/Desktop/space_invaders/space_invaders.srcs/sources_1/new/commande.vhd
update_compile_order -fileset sources_1
remove_files  C:/Users/hpoup/Desktop/space_invaders/space_invaders.srcs/sources_1/new/commande.vhd
file delete -force C:/Users/hpoup/Desktop/space_invaders/space_invaders.srcs/sources_1/new/commande.vhd
close [ open C:/Users/hpoup/Desktop/space_invaders/space_invaders.srcs/sources_1/new/gest_command.vhd w ]
add_files C:/Users/hpoup/Desktop/space_invaders/space_invaders.srcs/sources_1/new/gest_command.vhd
update_compile_order -fileset sources_1
ERROR: [Labtoolstcl 44-513] HW Target shutdown. Closing target: localhost:3121/xilinx_tcf/Digilent/210292747270A
update_compile_order -fileset sources_1
refresh_design
---------------------------------------------------------------------------------
Starting RTL Elaboration : Time (s): cpu = 00:00:05 ; elapsed = 00:00:05 . Memory (MB): peak = 1541.891 ; gain = 0.000
---------------------------------------------------------------------------------
INFO: [Synth 8-638] synthesizing module 'top_module' [C:/Users/hpoup/Desktop/space_invaders/space_invaders.srcs/sources_1/new/top_module.vhd:46]
INFO: [Synth 8-3491] module 'gest_command' declared at 'C:/Users/hpoup/Desktop/space_invaders/space_invaders.srcs/sources_1/new/gest_command.vhd:34' bound to instance 'commande' of component 'gest_command' [C:/Users/hpoup/Desktop/space_invaders/space_invaders.srcs/sources_1/new/top_module.vhd:89]
INFO: [Synth 8-638] synthesizing module 'gest_command' [C:/Users/hpoup/Desktop/space_invaders/space_invaders.srcs/sources_1/new/gest_command.vhd:42]
INFO: [Synth 8-256] done synthesizing module 'gest_command' (1#1) [C:/Users/hpoup/Desktop/space_invaders/space_invaders.srcs/sources_1/new/gest_command.vhd:42]
INFO: [Synth 8-3491] module 'charg_memoire' declared at 'C:/Users/hpoup/Desktop/space_invaders/space_invaders.srcs/sources_1/new/charg_memoire.vhd:34' bound to instance 'cm' of component 'charg_memoire' [C:/Users/hpoup/Desktop/space_invaders/space_invaders.srcs/sources_1/new/top_module.vhd:98]
INFO: [Synth 8-638] synthesizing module 'charg_memoire' [C:/Users/hpoup/Desktop/space_invaders/space_invaders.srcs/sources_1/new/charg_memoire.vhd:43]
WARNING: [Synth 8-614] signal 'offset_x' is read in the process but is not in the sensitivity list [C:/Users/hpoup/Desktop/space_invaders/space_invaders.srcs/sources_1/new/charg_memoire.vhd:80]
WARNING: [Synth 8-6014] Unused sequential element s_green_reg was removed.  [C:/Users/hpoup/Desktop/space_invaders/space_invaders.srcs/sources_1/new/charg_memoire.vhd:98]
WARNING: [Synth 8-6014] Unused sequential element s_blue_reg was removed.  [C:/Users/hpoup/Desktop/space_invaders/space_invaders.srcs/sources_1/new/charg_memoire.vhd:99]
INFO: [Synth 8-256] done synthesizing module 'charg_memoire' (2#1) [C:/Users/hpoup/Desktop/space_invaders/space_invaders.srcs/sources_1/new/charg_memoire.vhd:43]
	Parameter bit_per_pixel bound to: 6 - type: integer 
	Parameter grayscale bound to: 0 - type: bool 
INFO: [Synth 8-3491] module 'vga_160_100' declared at 'C:/Users/hpoup/Desktop/space_invaders/space_invaders.srcs/sources_1/new/vga_160_100.vhd:26' bound to instance 'vga' of component 'vga_160_100' [C:/Users/hpoup/Desktop/space_invaders/space_invaders.srcs/sources_1/new/top_module.vhd:108]
INFO: [Synth 8-638] synthesizing module 'vga_160_100' [C:/Users/hpoup/Desktop/space_invaders/space_invaders.srcs/sources_1/new/vga_160_100.vhd:43]
	Parameter bit_per_pixel bound to: 6 - type: integer 
	Parameter grayscale bound to: 0 - type: bool 
INFO: [Synth 8-256] done synthesizing module 'vga_160_100' (3#1) [C:/Users/hpoup/Desktop/space_invaders/space_invaders.srcs/sources_1/new/vga_160_100.vhd:43]
INFO: [Synth 8-256] done synthesizing module 'top_module' (4#1) [C:/Users/hpoup/Desktop/space_invaders/space_invaders.srcs/sources_1/new/top_module.vhd:46]
---------------------------------------------------------------------------------
Finished RTL Elaboration : Time (s): cpu = 00:00:06 ; elapsed = 00:00:06 . Memory (MB): peak = 1541.891 ; gain = 0.000
---------------------------------------------------------------------------------

Report Check Netlist: 
+------+------------------+-------+---------+-------+------------------+
|      |Item              |Errors |Warnings |Status |Description       |
+------+------------------+-------+---------+-------+------------------+
|1     |multi_driven_nets |      0|        0|Passed |Multi driven nets |
+------+------------------+-------+---------+-------+------------------+
---------------------------------------------------------------------------------
Finished RTL Optimization Phase 1 : Time (s): cpu = 00:00:06 ; elapsed = 00:00:06 . Memory (MB): peak = 1541.891 ; gain = 0.000
---------------------------------------------------------------------------------
INFO: [Project 1-570] Preparing netlist for logic optimization

Processing XDC Constraints
Initializing timing engine
Parsing XDC File [C:/Users/hpoup/Desktop/space_invaders/space_invaders.srcs/constrs_1/new/contrainte.xdc]
Finished Parsing XDC File [C:/Users/hpoup/Desktop/space_invaders/space_invaders.srcs/constrs_1/new/contrainte.xdc]
Completed Processing XDC Constraints

INFO: [Opt 31-138] Pushed 0 inverter(s) to 0 load pin(s).
refresh_design: Time (s): cpu = 00:00:18 ; elapsed = 00:00:12 . Memory (MB): peak = 1544.742 ; gain = 2.852
INFO: [Labtoolstcl 44-466] Opening hw_target localhost:3121/xilinx_tcf/Digilent/210292747270A
ERROR: [Labtools 27-2269] No devices detected on target localhost:3121/xilinx_tcf/Digilent/210292747270A.
Check cable connectivity and that the target board is powered up then
use the disconnect_hw_server and connect_hw_server to re-register this hardware target.
ERROR: [Common 17-39] 'open_hw_target' failed due to earlier errors.
reset_run synth_2
launch_runs impl_2 -to_step write_bitstream -jobs 2
[Wed Nov 22 11:50:37 2017] Launched synth_2...
Run output will be captured here: C:/Users/hpoup/Desktop/space_invaders/space_invaders.runs/synth_2/runme.log
[Wed Nov 22 11:50:37 2017] Launched impl_2...
Run output will be captured here: C:/Users/hpoup/Desktop/space_invaders/space_invaders.runs/impl_2/runme.log
close_hw
open_hw
connect_hw_server
INFO: [Labtools 27-2285] Connecting to hw_server url TCP:localhost:3121
INFO: [Labtools 27-2222] Launching hw_server...
INFO: [Labtools 27-2221] Launch Output:

****** Xilinx hw_server v2017.2
  **** Build date : Jun 15 2017-18:53:26
    ** Copyright 1986-2017 Xilinx, Inc. All Rights Reserved.


open_hw_target
INFO: [Labtoolstcl 44-466] Opening hw_target localhost:3121/xilinx_tcf/Digilent/210292747270A
set_property PROGRAM.FILE {C:/Users/hpoup/Desktop/space_invaders/space_invaders.runs/impl_2/top_module.bit} [get_hw_devices xc7a100t_0]
current_hw_device [get_hw_devices xc7a100t_0]
refresh_hw_device -update_hw_probes false [lindex [get_hw_devices xc7a100t_0] 0]
INFO: [Labtools 27-1434] Device xc7a100t (JTAG device index = 0) is programmed with a design that has no supported debug core(s) in it.
WARNING: [Labtools 27-3361] The debug hub core was not detected.
Resolution: 
1. Make sure the clock connected to the debug hub (dbg_hub) core is a free running clock and is active.
2. Make sure the BSCAN_SWITCH_USER_MASK device property in Vivado Hardware Manager reflects the user scan chain setting in the design and refresh the device.  To determine the user scan chain setting in the design, open the implemented design and use 'get_property C_USER_SCAN_CHAIN [get_debug_cores dbg_hub]'.
For more details on setting the scan chain property, consult the Vivado Debug and Programming User Guide (UG908).
set_property PROBES.FILE {} [get_hw_devices xc7a100t_0]
set_property FULL_PROBES.FILE {} [get_hw_devices xc7a100t_0]
set_property PROGRAM.FILE {C:/Users/hpoup/Desktop/space_invaders/space_invaders.runs/impl_2/top_module.bit} [get_hw_devices xc7a100t_0]
program_hw_devices [get_hw_devices xc7a100t_0]
INFO: [Labtools 27-3164] End of startup status: HIGH
refresh_hw_device [lindex [get_hw_devices xc7a100t_0] 0]
INFO: [Labtools 27-1434] Device xc7a100t (JTAG device index = 0) is programmed with a design that has no supported debug core(s) in it.
WARNING: [Labtools 27-3361] The debug hub core was not detected.
Resolution: 
1. Make sure the clock connected to the debug hub (dbg_hub) core is a free running clock and is active.
2. Make sure the BSCAN_SWITCH_USER_MASK device property in Vivado Hardware Manager reflects the user scan chain setting in the design and refresh the device.  To determine the user scan chain setting in the design, open the implemented design and use 'get_property C_USER_SCAN_CHAIN [get_debug_cores dbg_hub]'.
For more details on setting the scan chain property, consult the Vivado Debug and Programming User Guide (UG908).
reset_run synth_2
launch_runs impl_2 -to_step write_bitstream -jobs 2
[Wed Nov 22 11:57:18 2017] Launched synth_2...
Run output will be captured here: C:/Users/hpoup/Desktop/space_invaders/space_invaders.runs/synth_2/runme.log
[Wed Nov 22 11:57:18 2017] Launched impl_2...
Run output will be captured here: C:/Users/hpoup/Desktop/space_invaders/space_invaders.runs/impl_2/runme.log
set_property PROBES.FILE {} [get_hw_devices xc7a100t_0]
set_property FULL_PROBES.FILE {} [get_hw_devices xc7a100t_0]
set_property PROGRAM.FILE {C:/Users/hpoup/Desktop/space_invaders/space_invaders.runs/impl_2/top_module.bit} [get_hw_devices xc7a100t_0]
program_hw_devices [get_hw_devices xc7a100t_0]
INFO: [Labtools 27-3164] End of startup status: HIGH
refresh_hw_device [lindex [get_hw_devices xc7a100t_0] 0]
INFO: [Labtools 27-1434] Device xc7a100t (JTAG device index = 0) is programmed with a design that has no supported debug core(s) in it.
WARNING: [Labtools 27-3361] The debug hub core was not detected.
Resolution: 
1. Make sure the clock connected to the debug hub (dbg_hub) core is a free running clock and is active.
2. Make sure the BSCAN_SWITCH_USER_MASK device property in Vivado Hardware Manager reflects the user scan chain setting in the design and refresh the device.  To determine the user scan chain setting in the design, open the implemented design and use 'get_property C_USER_SCAN_CHAIN [get_debug_cores dbg_hub]'.
For more details on setting the scan chain property, consult the Vivado Debug and Programming User Guide (UG908).
ERROR: [Labtoolstcl 44-513] HW Target shutdown. Closing target: localhost:3121/xilinx_tcf/Digilent/210292747270A
reset_run synth_2
launch_runs impl_2 -to_step write_bitstream -jobs 2
[Wed Nov 22 12:20:02 2017] Launched synth_2...
Run output will be captured here: C:/Users/hpoup/Desktop/space_invaders/space_invaders.runs/synth_2/runme.log
[Wed Nov 22 12:20:02 2017] Launched impl_2...
Run output will be captured here: C:/Users/hpoup/Desktop/space_invaders/space_invaders.runs/impl_2/runme.log
disconnect_hw_server localhost:3121
connect_hw_server
INFO: [Labtools 27-2285] Connecting to hw_server url TCP:localhost:3121
open_hw_target
INFO: [Labtoolstcl 44-466] Opening hw_target localhost:3121/xilinx_tcf/Digilent/210292747270A
set_property PROGRAM.FILE {C:/Users/hpoup/Desktop/space_invaders/space_invaders.runs/impl_2/top_module.bit} [get_hw_devices xc7a100t_0]
current_hw_device [get_hw_devices xc7a100t_0]
refresh_hw_device -update_hw_probes false [lindex [get_hw_devices xc7a100t_0] 0]
INFO: [Labtools 27-1434] Device xc7a100t (JTAG device index = 0) is programmed with a design that has no supported debug core(s) in it.
WARNING: [Labtools 27-3361] The debug hub core was not detected.
Resolution: 
1. Make sure the clock connected to the debug hub (dbg_hub) core is a free running clock and is active.
2. Make sure the BSCAN_SWITCH_USER_MASK device property in Vivado Hardware Manager reflects the user scan chain setting in the design and refresh the device.  To determine the user scan chain setting in the design, open the implemented design and use 'get_property C_USER_SCAN_CHAIN [get_debug_cores dbg_hub]'.
For more details on setting the scan chain property, consult the Vivado Debug and Programming User Guide (UG908).
set_property PROBES.FILE {} [get_hw_devices xc7a100t_0]
set_property FULL_PROBES.FILE {} [get_hw_devices xc7a100t_0]
set_property PROGRAM.FILE {C:/Users/hpoup/Desktop/space_invaders/space_invaders.runs/impl_2/top_module.bit} [get_hw_devices xc7a100t_0]
program_hw_devices [get_hw_devices xc7a100t_0]
INFO: [Labtools 27-3164] End of startup status: HIGH
refresh_hw_device [lindex [get_hw_devices xc7a100t_0] 0]
INFO: [Labtools 27-1434] Device xc7a100t (JTAG device index = 0) is programmed with a design that has no supported debug core(s) in it.
WARNING: [Labtools 27-3361] The debug hub core was not detected.
Resolution: 
1. Make sure the clock connected to the debug hub (dbg_hub) core is a free running clock and is active.
2. Make sure the BSCAN_SWITCH_USER_MASK device property in Vivado Hardware Manager reflects the user scan chain setting in the design and refresh the device.  To determine the user scan chain setting in the design, open the implemented design and use 'get_property C_USER_SCAN_CHAIN [get_debug_cores dbg_hub]'.
For more details on setting the scan chain property, consult the Vivado Debug and Programming User Guide (UG908).
reset_run synth_2
launch_runs impl_2 -to_step write_bitstream -jobs 2
[Wed Nov 22 12:24:43 2017] Launched synth_2...
Run output will be captured here: C:/Users/hpoup/Desktop/space_invaders/space_invaders.runs/synth_2/runme.log
[Wed Nov 22 12:24:43 2017] Launched impl_2...
Run output will be captured here: C:/Users/hpoup/Desktop/space_invaders/space_invaders.runs/impl_2/runme.log
set_property PROBES.FILE {} [get_hw_devices xc7a100t_0]
set_property FULL_PROBES.FILE {} [get_hw_devices xc7a100t_0]
set_property PROGRAM.FILE {C:/Users/hpoup/Desktop/space_invaders/space_invaders.runs/impl_2/top_module.bit} [get_hw_devices xc7a100t_0]
program_hw_devices [get_hw_devices xc7a100t_0]
INFO: [Labtools 27-3164] End of startup status: HIGH
refresh_hw_device [lindex [get_hw_devices xc7a100t_0] 0]
INFO: [Labtools 27-1434] Device xc7a100t (JTAG device index = 0) is programmed with a design that has no supported debug core(s) in it.
WARNING: [Labtools 27-3361] The debug hub core was not detected.
Resolution: 
1. Make sure the clock connected to the debug hub (dbg_hub) core is a free running clock and is active.
2. Make sure the BSCAN_SWITCH_USER_MASK device property in Vivado Hardware Manager reflects the user scan chain setting in the design and refresh the device.  To determine the user scan chain setting in the design, open the implemented design and use 'get_property C_USER_SCAN_CHAIN [get_debug_cores dbg_hub]'.
For more details on setting the scan chain property, consult the Vivado Debug and Programming User Guide (UG908).
reset_run synth_2
launch_runs impl_2 -to_step write_bitstream -jobs 2
[Wed Nov 22 12:29:27 2017] Launched synth_2...
Run output will be captured here: C:/Users/hpoup/Desktop/space_invaders/space_invaders.runs/synth_2/runme.log
[Wed Nov 22 12:29:27 2017] Launched impl_2...
Run output will be captured here: C:/Users/hpoup/Desktop/space_invaders/space_invaders.runs/impl_2/runme.log
close_hw
open_hw
connect_hw_server
INFO: [Labtools 27-2285] Connecting to hw_server url TCP:localhost:3121
INFO: [Labtools 27-2222] Launching hw_server...
INFO: [Labtools 27-2221] Launch Output:

****** Xilinx hw_server v2017.2
  **** Build date : Jun 15 2017-18:53:26
    ** Copyright 1986-2017 Xilinx, Inc. All Rights Reserved.


open_hw_target
INFO: [Labtoolstcl 44-466] Opening hw_target localhost:3121/xilinx_tcf/Digilent/210292747270A
set_property PROGRAM.FILE {C:/Users/hpoup/Desktop/space_invaders/space_invaders.runs/impl_2/top_module.bit} [get_hw_devices xc7a100t_0]
current_hw_device [get_hw_devices xc7a100t_0]
refresh_hw_device -update_hw_probes false [lindex [get_hw_devices xc7a100t_0] 0]
INFO: [Labtools 27-1434] Device xc7a100t (JTAG device index = 0) is programmed with a design that has no supported debug core(s) in it.
WARNING: [Labtools 27-3361] The debug hub core was not detected.
Resolution: 
1. Make sure the clock connected to the debug hub (dbg_hub) core is a free running clock and is active.
2. Make sure the BSCAN_SWITCH_USER_MASK device property in Vivado Hardware Manager reflects the user scan chain setting in the design and refresh the device.  To determine the user scan chain setting in the design, open the implemented design and use 'get_property C_USER_SCAN_CHAIN [get_debug_cores dbg_hub]'.
For more details on setting the scan chain property, consult the Vivado Debug and Programming User Guide (UG908).
set_property PROBES.FILE {} [get_hw_devices xc7a100t_0]
set_property FULL_PROBES.FILE {} [get_hw_devices xc7a100t_0]
set_property PROGRAM.FILE {C:/Users/hpoup/Desktop/space_invaders/space_invaders.runs/impl_2/top_module.bit} [get_hw_devices xc7a100t_0]
program_hw_devices [get_hw_devices xc7a100t_0]
INFO: [Labtools 27-3164] End of startup status: HIGH
refresh_hw_device [lindex [get_hw_devices xc7a100t_0] 0]
INFO: [Labtools 27-1434] Device xc7a100t (JTAG device index = 0) is programmed with a design that has no supported debug core(s) in it.
WARNING: [Labtools 27-3361] The debug hub core was not detected.
Resolution: 
1. Make sure the clock connected to the debug hub (dbg_hub) core is a free running clock and is active.
2. Make sure the BSCAN_SWITCH_USER_MASK device property in Vivado Hardware Manager reflects the user scan chain setting in the design and refresh the device.  To determine the user scan chain setting in the design, open the implemented design and use 'get_property C_USER_SCAN_CHAIN [get_debug_cores dbg_hub]'.
For more details on setting the scan chain property, consult the Vivado Debug and Programming User Guide (UG908).
exit
INFO: [Common 17-206] Exiting Vivado at Wed Nov 22 12:35:57 2017...
